This is pdfTeX, Version 3.14159265-2.6-1.40.20 (MiKTeX 2.9.6960 64-bit) (preloaded format=pdflatex 2019.2.2)  26 JUN 2019 15:52
entering extended mode
**"./Guidelines for authors.tex"
("Guidelines for authors.tex"
LaTeX2e <2018-12-01>
(revcoles.cls
Document Class: revcoles 2009/04/22 v2.5 document class for multi authored arti
cle for REVCOLES journal, Symposium of statistic, projects of pregrade in stati
stic, and report in a course at the National University of Colombia
("C:\Program Files\MiKTeX 2.9\tex/latex/base\fontenc.sty"
Package: fontenc 2018/08/11 v2.0j Standard LaTeX package

("C:\Program Files\MiKTeX 2.9\tex/latex/base\t1enc.def"
File: t1enc.def 2018/08/11 v2.0j Standard LaTeX file
LaTeX Font Info:    Redeclaring font encoding T1 on input line 48.
))
("C:\Program Files\MiKTeX 2.9\tex/latex/amsmath\amsmath.sty"
Package: amsmath 2018/12/01 v2.17b AMS math features
\@mathmargin=\skip41

For additional information on amsmath, use the `?' option.
("C:\Program Files\MiKTeX 2.9\tex/latex/amsmath\amstext.sty"
Package: amstext 2000/06/29 v2.01 AMS text

("C:\Program Files\MiKTeX 2.9\tex/latex/amsmath\amsgen.sty"
File: amsgen.sty 1999/11/30 v2.0 generic functions
\@emptytoks=\toks14
\ex@=\dimen102
))
("C:\Program Files\MiKTeX 2.9\tex/latex/amsmath\amsbsy.sty"
Package: amsbsy 1999/11/29 v1.2d Bold Symbols
\pmbraise@=\dimen103
)
("C:\Program Files\MiKTeX 2.9\tex/latex/amsmath\amsopn.sty"
Package: amsopn 2016/03/08 v2.02 operator names
)
\inf@bad=\count80
LaTeX Info: Redefining \frac on input line 223.
\uproot@=\count81
\leftroot@=\count82
LaTeX Info: Redefining \overline on input line 385.
\classnum@=\count83
\DOTSCASE@=\count84
LaTeX Info: Redefining \ldots on input line 482.
LaTeX Info: Redefining \dots on input line 485.
LaTeX Info: Redefining \cdots on input line 606.
\Mathstrutbox@=\box27
\strutbox@=\box28
\big@size=\dimen104
LaTeX Font Info:    Redeclaring font encoding OML on input line 729.
LaTeX Font Info:    Redeclaring font encoding OMS on input line 730.
\macc@depth=\count85
\c@MaxMatrixCols=\count86
\dotsspace@=\muskip10
\c@parentequation=\count87
\dspbrk@lvl=\count88
\tag@help=\toks15
\row@=\count89
\column@=\count90
\maxfields@=\count91
\andhelp@=\toks16
\eqnshift@=\dimen105
\alignsep@=\dimen106
\tagshift@=\dimen107
\tagwidth@=\dimen108
\totwidth@=\dimen109
\lineht@=\dimen110
\@envbody=\toks17
\multlinegap=\skip42
\multlinetaggap=\skip43
\mathdisplay@stack=\toks18
LaTeX Info: Redefining \[ on input line 2844.
LaTeX Info: Redefining \] on input line 2845.
)
("C:\Program Files\MiKTeX 2.9\tex/latex/amscls\amsthm.sty"
Package: amsthm 2017/10/31 v2.20.4
\thm@style=\toks19
\thm@bodyfont=\toks20
\thm@headfont=\toks21
\thm@notefont=\toks22
\thm@headpunct=\toks23
\thm@preskip=\skip44
\thm@postskip=\skip45
\thm@headsep=\skip46
\dth@everypar=\toks24
)
("C:\Program Files\MiKTeX 2.9\tex/latex/amsfonts\amssymb.sty"
Package: amssymb 2013/01/14 v3.01 AMS font symbols

("C:\Program Files\MiKTeX 2.9\tex/latex/amsfonts\amsfonts.sty"
Package: amsfonts 2013/01/14 v3.01 Basic AMSFonts support
\symAMSa=\mathgroup4
\symAMSb=\mathgroup5
LaTeX Font Info:    Overwriting math alphabet `\mathfrak' in version `bold'
(Font)                  U/euf/m/n --> U/euf/b/n on input line 106.
))
("C:\Program Files\MiKTeX 2.9\tex/latex/base\latexsym.sty"
Package: latexsym 1998/08/17 v2.2e Standard LaTeX package (lasy symbols)
\symlasy=\mathgroup6
LaTeX Font Info:    Overwriting symbol font `lasy' in version `bold'
(Font)                  U/lasy/m/n --> U/lasy/b/n on input line 52.
)
("C:\Program Files\MiKTeX 2.9\tex/generic/oberdiek\ifpdf.sty"
Package: ifpdf 2018/09/07 v3.3 Provides the ifpdf switch
)
("C:\Program Files\MiKTeX 2.9\tex/latex/graphics\graphicx.sty"
Package: graphicx 2017/06/01 v1.1a Enhanced LaTeX Graphics (DPC,SPQR)

("C:\Program Files\MiKTeX 2.9\tex/latex/graphics\keyval.sty"
Package: keyval 2014/10/28 v1.15 key=value parser (DPC)
\KV@toks@=\toks25
)
("C:\Program Files\MiKTeX 2.9\tex/latex/graphics\graphics.sty"
Package: graphics 2017/06/25 v1.2c Standard LaTeX Graphics (DPC,SPQR)

("C:\Program Files\MiKTeX 2.9\tex/latex/graphics\trig.sty"
Package: trig 2016/01/03 v1.10 sin cos tan (DPC)
)
("C:\Program Files\MiKTeX 2.9\tex/latex/graphics-cfg\graphics.cfg"
File: graphics.cfg 2016/06/04 v1.11 sample graphics configuration
)
Package graphics Info: Driver file: pdftex.def on input line 99.

("C:\Program Files\MiKTeX 2.9\tex/latex/graphics-def\pdftex.def"
File: pdftex.def 2018/01/08 v1.0l Graphics/color driver for pdftex
))
\Gin@req@height=\dimen111
\Gin@req@width=\dimen112
)
("C:\Program Files\MiKTeX 2.9\tex/latex/graphics\color.sty"
Package: color 2016/07/10 v1.1e Standard LaTeX Color (DPC)

("C:\Program Files\MiKTeX 2.9\tex/latex/graphics-cfg\color.cfg"
File: color.cfg 2016/01/02 v1.6 sample color configuration
)
Package color Info: Driver file: pdftex.def on input line 147.
)
("C:\Program Files\MiKTeX 2.9\tex/latex/tools\verbatim.sty"
Package: verbatim 2014/10/28 v1.5q LaTeX2e package for verbatim enhancements
\every@verbatim=\toks26
\verbatim@line=\toks27
\verbatim@in@stream=\read1
)
("C:\Program Files\MiKTeX 2.9\tex/latex/tools\enumerate.sty"
Package: enumerate 2015/07/23 v3.00 enumerate extensions (DPC)
\@enLab=\toks28
)
("C:\Program Files\MiKTeX 2.9\tex/latex/tools\array.sty"
Package: array 2018/12/30 v2.4k Tabular extension package (FMi)
\col@sep=\dimen113
\ar@mcellbox=\box29
\extrarowheight=\dimen114
\NC@list=\toks29
\extratabsurround=\skip47
\backup@length=\skip48
\ar@cellbox=\box30
)
("C:\Program Files\MiKTeX 2.9\tex/latex/tools\multicol.sty"
Package: multicol 2018/12/27 v1.8v multicolumn formatting (FMi)
\c@tracingmulticols=\count92
\mult@box=\box31
\multicol@leftmargin=\dimen115
\c@unbalance=\count93
\c@collectmore=\count94
\doublecol@number=\count95
\multicoltolerance=\count96
\multicolpretolerance=\count97
\full@width=\dimen116
\page@free=\dimen117
\premulticols=\dimen118
\postmulticols=\dimen119
\multicolsep=\skip49
\multicolbaselineskip=\skip50
\partial@page=\box32
\last@line=\box33
\maxbalancingoverflow=\dimen120
\mult@rightbox=\box34
\mult@grightbox=\box35
\mult@gfirstbox=\box36
\mult@firstbox=\box37
\@tempa=\box38
\@tempa=\box39
\@tempa=\box40
\@tempa=\box41
\@tempa=\box42
\@tempa=\box43
\@tempa=\box44
\@tempa=\box45
\@tempa=\box46
\@tempa=\box47
\@tempa=\box48
\@tempa=\box49
\@tempa=\box50
\@tempa=\box51
\@tempa=\box52
\@tempa=\box53
\@tempa=\box54
\c@columnbadness=\count98
\c@finalcolumnbadness=\count99
\last@try=\dimen121
\multicolovershoot=\dimen122
\multicolundershoot=\dimen123
\mult@nat@firstbox=\box55
\colbreak@box=\box56
\mc@col@check@num=\count100
)
("C:\Program Files\MiKTeX 2.9\tex/latex/multirow\multirow.sty"
Package: multirow 2019/01/01 v2.4 Span multiple rows of a table
\multirow@colwidth=\skip51
\multirow@cntb=\count101
\multirow@dima=\skip52
\bigstrutjot=\dimen124
)
\c@@symposium=\count102
\c@@instnumber=\count103
\c@@inst=\count104
\c@@last=\count105
\c@@author=\count106
\c@prop=\count107
\c@teor=\count108
\c@coro=\count109
\c@lema=\count110
\c@resu=\count111
\c@defi=\count112
\c@exam=\count113
\c@exams=\count114
\c@exer=\count115
\c@exers=\count116
\c@note=\count117
\c@nota=\count118
\c@obse=\count119
\c@cond=\count120

("C:\Program Files\MiKTeX 2.9\tex/latex/base\size10.clo"
File: size10.clo 2018/09/03 v1.4i Standard LaTeX file (size option)
)
("C:\Program Files\MiKTeX 2.9\tex/generic/babel\babel.sty"
Package: babel 2018/11/13 3.27 The Babel package

("C:\Program Files\MiKTeX 2.9\tex/generic/babel\switch.def"
File: switch.def 2018/11/13 3.27 Babel switching mechanism
)
*************************************
* Local config file bblopts.cfg used
*
(C:\Users\KEVINSTEVEN\AppData\Roaming\MiKTeX\2.9\tex/latex/arabi\bblopts.cfg
File: bblopts.cfg 2005/09/08 v0.1 add Arabic and Farsi to "declared" options of
 babel
)
("C:\Program Files\MiKTeX 2.9\tex/latex/babel-english\english.ldf"
Language: english 2017/06/06 v3.3r English support from the babel system

("C:\Program Files\MiKTeX 2.9\tex/generic/babel\babel.def"
File: babel.def 2018/11/13 3.27 Babel common definitions
\babel@savecnt=\count121
\U@D=\dimen125

("C:\Program Files\MiKTeX 2.9\tex/generic/babel\txtbabel.def")
\bbl@dirlevel=\count122
)
\l@canadian = a dialect from \language\l@american 
\l@australian = a dialect from \language\l@british 
\l@newzealand = a dialect from \language\l@british 
))
\c@section=\count123
\c@subsection=\count124
\c@subsubsection=\count125
\c@paragraph=\count126
\c@subparagraph=\count127
\c@figure=\count128
\c@table=\count129
\abovecaptionskip=\skip53
\belowcaptionskip=\skip54
\bibindent=\dimen126

(C:\Users\KEVINSTEVEN\AppData\Roaming\MiKTeX\2.9\tex/latex/caption\caption.sty
Package: caption 2018/10/06 v3.3-154 Customizing captions (AR)

(C:\Users\KEVINSTEVEN\AppData\Roaming\MiKTeX\2.9\tex/latex/caption\caption3.sty
Package: caption3 2018/09/12 v1.8c caption3 kernel (AR)
Package caption3 Info: TeX engine: e-TeX on input line 64.
\captionmargin=\dimen127
\captionmargin@=\dimen128
\captionwidth=\dimen129
\caption@tempdima=\dimen130
\caption@indent=\dimen131
\caption@parindent=\dimen132
\caption@hangindent=\dimen133
)
\c@caption@flags=\count130
\c@ContinuedFloat=\count131
) ("C:\Program Files\MiKTeX 2.9\tex/latex/harvard\harvard.sty"
Package: harvard 

("C:\Program Files\MiKTeX 2.9\tex/latex/base\ifthen.sty"
Package: ifthen 2014/09/29 v1.1c Standard LaTeX ifthen package (DPC)
)))
("C:\Program Files\MiKTeX 2.9\tex/latex/geometry\geometry.sty"
Package: geometry 2018/04/16 v5.8 Page Geometry

("C:\Program Files\MiKTeX 2.9\tex/generic/oberdiek\ifvtex.sty"
Package: ifvtex 2016/05/16 v1.6 Detect VTeX and its facilities (HO)
Package ifvtex Info: VTeX not detected.
)
("C:\Program Files\MiKTeX 2.9\tex/generic/ifxetex\ifxetex.sty"
Package: ifxetex 2010/09/12 v0.6 Provides ifxetex conditional
)
\Gm@cnth=\count132
\Gm@cntv=\count133
\c@Gm@tempcnt=\count134
\Gm@bindingoffset=\dimen134
\Gm@wd@mp=\dimen135
\Gm@odd@mp=\dimen136
\Gm@even@mp=\dimen137
\Gm@layoutwidth=\dimen138
\Gm@layoutheight=\dimen139
\Gm@layouthoffset=\dimen140
\Gm@layoutvoffset=\dimen141
\Gm@dimlist=\toks30

("C:\Program Files\MiKTeX 2.9\tex/latex/geometry\geometry.cfg"))
("C:\Program Files\MiKTeX 2.9\tex/latex/base\inputenc.sty"
Package: inputenc 2018/08/11 v1.3c Input encoding file
\inpenc@prehook=\toks31
\inpenc@posthook=\toks32

("C:\Program Files\MiKTeX 2.9\tex/latex/base\latin1.def"
File: latin1.def 2018/08/11 v1.3c Input encoding file
))
("Guidelines for authors.aux"

LaTeX Warning: Label `tab:addlabel' multiply defined.

)
\openout1 = `"Guidelines for authors.aux"'.

LaTeX Font Info:    Checking defaults for OML/cmm/m/it on input line 11.
LaTeX Font Info:    ... okay on input line 11.
LaTeX Font Info:    Checking defaults for T1/cmr/m/n on input line 11.
LaTeX Font Info:    ... okay on input line 11.
LaTeX Font Info:    Checking defaults for OT1/cmr/m/n on input line 11.
LaTeX Font Info:    ... okay on input line 11.
LaTeX Font Info:    Checking defaults for OMS/cmsy/m/n on input line 11.
LaTeX Font Info:    ... okay on input line 11.
LaTeX Font Info:    Checking defaults for OMX/cmex/m/n on input line 11.
LaTeX Font Info:    ... okay on input line 11.
LaTeX Font Info:    Checking defaults for U/cmr/m/n on input line 11.
LaTeX Font Info:    ... okay on input line 11.

(C:\Users\KEVINSTEVEN\AppData\Roaming\MiKTeX\2.9\tex/context/base\supp-pdf.mkii
[Loading MPS to PDF converter (version 2006.09.02).]
\scratchcounter=\count135
\scratchdimen=\dimen142
\scratchbox=\box57
\nofMPsegments=\count136
\nofMParguments=\count137
\everyMPshowfont=\toks33
\MPscratchCnt=\count138
\MPscratchDim=\dimen143
\MPnumerator=\count139
\makeMPintoPDFobject=\count140
\everyMPtoPDFconversion=\toks34
) ("C:\Program Files\MiKTeX 2.9\tex/latex/oberdiek\epstopdf-base.sty"
Package: epstopdf-base 2016/05/15 v2.6 Base part for package epstopdf

("C:\Program Files\MiKTeX 2.9\tex/generic/oberdiek\infwarerr.sty"
Package: infwarerr 2016/05/16 v1.4 Providing info/warning/error messages (HO)
)
("C:\Program Files\MiKTeX 2.9\tex/latex/oberdiek\grfext.sty"
Package: grfext 2016/05/16 v1.2 Manage graphics extensions (HO)

("C:\Program Files\MiKTeX 2.9\tex/generic/oberdiek\kvdefinekeys.sty"
Package: kvdefinekeys 2016/05/16 v1.4 Define keys (HO)

("C:\Program Files\MiKTeX 2.9\tex/generic/oberdiek\ltxcmds.sty"
Package: ltxcmds 2016/05/16 v1.23 LaTeX kernel commands for general use (HO)
)))
("C:\Program Files\MiKTeX 2.9\tex/latex/oberdiek\kvoptions.sty"
Package: kvoptions 2016/05/16 v3.12 Key value format for package options (HO)

("C:\Program Files\MiKTeX 2.9\tex/generic/oberdiek\kvsetkeys.sty"
Package: kvsetkeys 2016/05/16 v1.17 Key value parser (HO)

("C:\Program Files\MiKTeX 2.9\tex/generic/oberdiek\etexcmds.sty"
Package: etexcmds 2016/05/16 v1.6 Avoid name clashes with e-TeX commands (HO)

("C:\Program Files\MiKTeX 2.9\tex/generic/oberdiek\ifluatex.sty"
Package: ifluatex 2016/05/16 v1.4 Provides the ifluatex switch (HO)
Package ifluatex Info: LuaTeX not detected.
))))
("C:\Program Files\MiKTeX 2.9\tex/generic/oberdiek\pdftexcmds.sty"
Package: pdftexcmds 2018/09/10 v0.29 Utility functions of pdfTeX for LuaTeX (HO
)
Package pdftexcmds Info: LuaTeX not detected.
Package pdftexcmds Info: \pdf@primitive is available.
Package pdftexcmds Info: \pdf@ifprimitive is available.
Package pdftexcmds Info: \pdfdraftmode found.
)
Package epstopdf-base Info: Redefining graphics rule for `.eps' on input line 4
38.
Package grfext Info: Graphics extension search list:
(grfext)             [.pdf,.png,.jpg,.eps]
(grfext)             \AppendGraphicsExtensions on input line 456.
)
Package caption Info: Begin \AtBeginDocument code.
Package caption Info: End \AtBeginDocument code.

*geometry* driver: auto-detecting
*geometry* detected driver: pdftex
*geometry* verbose mode - [ preamble ] result:
* driver: pdftex
* paper: <default>
* layout: <same size as paper>
* layoutoffset:(h,v)=(0.0pt,0.0pt)
* modes: twoside 
* h-part:(L,W,R)=(73.71613pt, 430.00462pt, 110.57425pt)
* v-part:(T,H,B)=(85.35826pt, 624.25346pt, 85.35826pt)
* \paperwidth=614.295pt
* \paperheight=794.96999pt
* \textwidth=430.00462pt
* \textheight=624.25346pt
* \oddsidemargin=1.44614pt
* \evensidemargin=38.30426pt
* \topmargin=-15.98337pt
* \headheight=12.0pt
* \headsep=17.07164pt
* \topskip=10.0pt
* \footskip=30.0pt
* \marginparwidth=5.69054pt
* \marginparsep=11.0pt
* \columnsep=10.0pt
* \skip\footins=9.0pt plus 4.0pt minus 2.0pt
* \hoffset=0.0pt
* \voffset=-2.84526pt
* \mag=1000
* \@twocolumnfalse
* \@twosidetrue
* \@mparswitchtrue
* \@reversemarginfalse
* (1in=72.27pt=25.4mm, 1cm=28.453pt)

LaTeX Font Info:    Try loading font information for U+msa on input line 14.
("C:\Program Files\MiKTeX 2.9\tex/latex/amsfonts\umsa.fd"
File: umsa.fd 2013/01/14 v3.01 AMS symbols A
)
LaTeX Font Info:    Try loading font information for U+msb on input line 14.

("C:\Program Files\MiKTeX 2.9\tex/latex/amsfonts\umsb.fd"
File: umsb.fd 2013/01/14 v3.01 AMS symbols B
)
LaTeX Font Info:    Try loading font information for U+lasy on input line 14.

("C:\Program Files\MiKTeX 2.9\tex/latex/base\ulasy.fd"
File: ulasy.fd 1998/08/17 v2.2e LaTeX symbol font definitions
)
LaTeX Font Info:    Try loading font information for OMS+cmr on input line 54.

("C:\Program Files\MiKTeX 2.9\tex/latex/base\omscmr.fd"
File: omscmr.fd 2014/09/29 v2.5h Standard LaTeX font definitions
)
LaTeX Font Info:    Font shape `OMS/cmr/m/n' in size <10> not available
(Font)              Font shape `OMS/cmsy/m/n' tried instead on input line 54.
 [1

{C:/Users/KEVINSTEVEN/AppData/Local/MiKTeX/2.9/pdftex/config/pdftex.map}]
Overfull \hbox (7.69405pt too wide) in paragraph at lines 59--60
[]\T1/cmr/m/n/10 Curva Car-ac-terís-tica de Op-eración (OC). Mide el de-sem-peñ
o del plan de muestreo de aceptación.
 []

[2]
<FigurasUV/Figura2.pdf, id=23, 1027.84pt x 545.03625pt>
File: FigurasUV/Figura2.pdf Graphic file (type pdf)
<use FigurasUV/Figura2.pdf>
Package pdftex.def Info: FigurasUV/Figura2.pdf  used on input line 90.
(pdftex.def)             Requested size: 462.52373pt x 245.26405pt.

Overfull \hbox (32.5191pt too wide) in paragraph at lines 90--91
 [][] 
 []

<FigurasUV/Figura3.pdf, id=24, 1027.84pt x 545.03625pt>
File: FigurasUV/Figura3.pdf Graphic file (type pdf)
<use FigurasUV/Figura3.pdf>
Package pdftex.def Info: FigurasUV/Figura3.pdf  used on input line 117.
(pdftex.def)             Requested size: 462.52373pt x 245.26405pt.

Overfull \hbox (32.5191pt too wide) in paragraph at lines 117--118
 [][] 
 []

[3 <./FigurasUV/Figura2.pdf>]
<FigurasUV/Figura4.pdf, id=34, 1027.84pt x 545.03625pt>
File: FigurasUV/Figura4.pdf Graphic file (type pdf)
<use FigurasUV/Figura4.pdf>
Package pdftex.def Info: FigurasUV/Figura4.pdf  used on input line 125.
(pdftex.def)             Requested size: 462.52373pt x 245.26405pt.

Overfull \hbox (32.5191pt too wide) in paragraph at lines 125--126
 [][] 
 []


Underfull \vbox (badness 10000) has occurred while \output is active []

 [4 <./FigurasUV/Figura3.pdf>]
<FigurasUV/CO14.pdf, id=42, 1027.84pt x 545.03625pt>
File: FigurasUV/CO14.pdf Graphic file (type pdf)
<use FigurasUV/CO14.pdf>
Package pdftex.def Info: FigurasUV/CO14.pdf  used on input line 149.
(pdftex.def)             Requested size: 411.12872pt x 218.01064pt.


LaTeX Warning: `!h' float specifier changed to `!ht'.


Underfull \vbox (badness 10000) has occurred while \output is active []

 [5 <./FigurasUV/Figura4.pdf>] ("Guidelines for authors.bbl") [6 <./FigurasUV/C
O14.pdf>]
<FigurasUV/CO1.pdf, id=55, 1027.84pt x 545.03625pt>
File: FigurasUV/CO1.pdf Graphic file (type pdf)
<use FigurasUV/CO1.pdf>
Package pdftex.def Info: FigurasUV/CO1.pdf  used on input line 171.
(pdftex.def)             Requested size: 462.52373pt x 245.26405pt.

Overfull \hbox (32.5191pt too wide) in paragraph at lines 171--172
 [][] 
 []

<FigurasUV/CO2.pdf, id=56, 1027.84pt x 545.03625pt>
File: FigurasUV/CO2.pdf Graphic file (type pdf)
<use FigurasUV/CO2.pdf>
Package pdftex.def Info: FigurasUV/CO2.pdf  used on input line 177.
(pdftex.def)             Requested size: 462.52373pt x 245.26405pt.

Overfull \hbox (32.5191pt too wide) in paragraph at lines 177--178
 [][] 
 []

<FigurasUV/CO3.pdf, id=57, 1027.84pt x 545.03625pt>
File: FigurasUV/CO3.pdf Graphic file (type pdf)
<use FigurasUV/CO3.pdf>
Package pdftex.def Info: FigurasUV/CO3.pdf  used on input line 183.
(pdftex.def)             Requested size: 462.52373pt x 245.26405pt.

Overfull \hbox (32.5191pt too wide) in paragraph at lines 183--184
 [][] 
 []


LaTeX Warning: `!h' float specifier changed to `!ht'.

<FigurasUV/CO4.pdf, id=58, 1027.84pt x 545.03625pt>
File: FigurasUV/CO4.pdf Graphic file (type pdf)
<use FigurasUV/CO4.pdf>
Package pdftex.def Info: FigurasUV/CO4.pdf  used on input line 189.
(pdftex.def)             Requested size: 462.52373pt x 245.26405pt.

Overfull \hbox (32.5191pt too wide) in paragraph at lines 189--190
 [][] 
 []


LaTeX Warning: `!h' float specifier changed to `!ht'.

<FigurasUV/CO5.pdf, id=59, 1027.84pt x 545.03625pt>
File: FigurasUV/CO5.pdf Graphic file (type pdf)
<use FigurasUV/CO5.pdf>
Package pdftex.def Info: FigurasUV/CO5.pdf  used on input line 195.
(pdftex.def)             Requested size: 462.52373pt x 245.26405pt.

Overfull \hbox (32.5191pt too wide) in paragraph at lines 195--196
 [][] 
 []


LaTeX Warning: `!h' float specifier changed to `!ht'.

<FigurasUV/CO6.pdf, id=60, 1027.84pt x 545.03625pt>
File: FigurasUV/CO6.pdf Graphic file (type pdf)
<use FigurasUV/CO6.pdf>
Package pdftex.def Info: FigurasUV/CO6.pdf  used on input line 201.
(pdftex.def)             Requested size: 462.52373pt x 245.26405pt.

Overfull \hbox (32.5191pt too wide) in paragraph at lines 201--202
 [][] 
 []


LaTeX Warning: `!h' float specifier changed to `!ht'.

<FigurasUV/CO7.pdf, id=61, 1027.84pt x 545.03625pt>
File: FigurasUV/CO7.pdf Graphic file (type pdf)
<use FigurasUV/CO7.pdf>
Package pdftex.def Info: FigurasUV/CO7.pdf  used on input line 207.
(pdftex.def)             Requested size: 462.52373pt x 245.26405pt.

Overfull \hbox (32.5191pt too wide) in paragraph at lines 207--208
 [][] 
 []


LaTeX Warning: `!h' float specifier changed to `!ht'.

<FigurasUV/CO8.pdf, id=62, 1027.84pt x 545.03625pt>
File: FigurasUV/CO8.pdf Graphic file (type pdf)
<use FigurasUV/CO8.pdf>
Package pdftex.def Info: FigurasUV/CO8.pdf  used on input line 213.
(pdftex.def)             Requested size: 462.52373pt x 245.26405pt.

Overfull \hbox (32.5191pt too wide) in paragraph at lines 213--214
 [][] 
 []


LaTeX Warning: `!h' float specifier changed to `!ht'.

<FigurasUV/CO9.pdf, id=63, 1027.84pt x 545.03625pt>
File: FigurasUV/CO9.pdf Graphic file (type pdf)
<use FigurasUV/CO9.pdf>
Package pdftex.def Info: FigurasUV/CO9.pdf  used on input line 219.
(pdftex.def)             Requested size: 462.52373pt x 245.26405pt.

Overfull \hbox (32.5191pt too wide) in paragraph at lines 219--220
 [][] 
 []


LaTeX Warning: `!h' float specifier changed to `!ht'.

<FigurasUV/CO10.pdf, id=64, 1027.84pt x 545.03625pt>
File: FigurasUV/CO10.pdf Graphic file (type pdf)
<use FigurasUV/CO10.pdf>
Package pdftex.def Info: FigurasUV/CO10.pdf  used on input line 225.
(pdftex.def)             Requested size: 462.52373pt x 245.26405pt.

Overfull \hbox (32.5191pt too wide) in paragraph at lines 225--226
 [][] 
 []


LaTeX Warning: `!h' float specifier changed to `!ht'.

<FigurasUV/CO11.pdf, id=65, 1027.84pt x 545.03625pt>
File: FigurasUV/CO11.pdf Graphic file (type pdf)
<use FigurasUV/CO11.pdf>
Package pdftex.def Info: FigurasUV/CO11.pdf  used on input line 231.
(pdftex.def)             Requested size: 462.52373pt x 245.26405pt.

Overfull \hbox (32.5191pt too wide) in paragraph at lines 231--232
 [][] 
 []


LaTeX Warning: `!h' float specifier changed to `!ht'.

<FigurasUV/CO12.pdf, id=66, 1027.84pt x 545.03625pt>
File: FigurasUV/CO12.pdf Graphic file (type pdf)
<use FigurasUV/CO12.pdf>
Package pdftex.def Info: FigurasUV/CO12.pdf  used on input line 237.
(pdftex.def)             Requested size: 462.52373pt x 245.26405pt.

Overfull \hbox (32.5191pt too wide) in paragraph at lines 237--238
 [][] 
 []


LaTeX Warning: `!h' float specifier changed to `!ht'.

<FigurasUV/CO13.pdf, id=67, 1027.84pt x 545.03625pt>
File: FigurasUV/CO13.pdf Graphic file (type pdf)
<use FigurasUV/CO13.pdf>
Package pdftex.def Info: FigurasUV/CO13.pdf  used on input line 243.
(pdftex.def)             Requested size: 462.52373pt x 245.26405pt.

Overfull \hbox (32.5191pt too wide) in paragraph at lines 243--244
 [][] 
 []


LaTeX Warning: `!h' float specifier changed to `!ht'.

[7 <./FigurasUV/CO1.pdf> <./FigurasUV/CO2.pdf>] [8 <./FigurasUV/CO3.pdf> <./Fig
urasUV/CO4.pdf>] [9 <./FigurasUV/CO5.pdf> <./FigurasUV/CO6.pdf>] [10 <./Figuras
UV/CO7.pdf> <./FigurasUV/CO8.pdf>] [11 <./FigurasUV/CO9.pdf> <./FigurasUV/CO10.
pdf>] [12 <./FigurasUV/CO11.pdf> <./FigurasUV/CO12.pdf>] [13 <./FigurasUV/CO13.
pdf>] ("Guidelines for authors.aux")

LaTeX Warning: There were multiply-defined labels.

 ) 
Here is how much of TeX's memory you used:
 5674 strings out of 492946
 81460 string characters out of 3135510
 164264 words of memory out of 3000000
 9418 multiletter control sequences out of 15000+200000
 20936 words of font info for 60 fonts, out of 3000000 for 9000
 1141 hyphenation exceptions out of 8191
 43i,10n,40p,1051b,361s stack positions out of 5000i,500n,10000p,200000b,50000s
 <C:\Users\KEVINSTEVEN\AppData\Local\MiKTeX\2.9\fonts/pk/ljfour/jknappen/ec/d
pi600\ecbx1000.pk> <C:\Users\KEVINSTEVEN\AppData\Local\MiKTeX\2.9\fonts/pk/ljfo
ur/jknappen/ec/dpi600\eccc0900.pk> <C:\Users\KEVINSTEVEN\AppData\Local\MiKTeX\2
.9\fonts/pk/ljfour/jknappen/ec/dpi600\ecti1000.pk> <C:\Users\KEVINSTEVEN\AppDat
a\Local\MiKTeX\2.9\fonts/pk/ljfour/jknappen/ec/dpi600\ecti0900.pk> <C:\Users\KE
VINSTEVEN\AppData\Local\MiKTeX\2.9\fonts/pk/ljfour/jknappen/ec/dpi600\ecrm0800.
pk> <C:\Users\KEVINSTEVEN\AppData\Local\MiKTeX\2.9\fonts/pk/ljfour/jknappen/ec/
dpi600\ecrm0600.pk> <C:\Users\KEVINSTEVEN\AppData\Local\MiKTeX\2.9\fonts/pk/ljf
our/jknappen/ec/dpi600\ecrm1000.pk> <C:\Users\KEVINSTEVEN\AppData\Local\MiKTeX\
2.9\fonts/pk/ljfour/jknappen/ec/dpi600\eccc0800.pk> <C:\Users\KEVINSTEVEN\AppDa
ta\Local\MiKTeX\2.9\fonts/pk/ljfour/jknappen/ec/dpi600\ecrm0700.pk> <C:\Users\K
EVINSTEVEN\AppData\Local\MiKTeX\2.9\fonts/pk/ljfour/jknappen/ec/dpi600\eccc1000
.pk> <C:\Users\KEVINSTEVEN\AppData\Local\MiKTeX\2.9\fonts/pk/ljfour/jknappen/ec
/dpi600\ecbx1440.pk> <C:\Users\KEVINSTEVEN\AppData\Local\MiKTeX\2.9\fonts/pk/lj
four/jknappen/ec/dpi600\ecrm0900.pk> <C:\Users\KEVINSTEVEN\AppData\Local\MiKTeX
\2.9\fonts/pk/ljfour/jknappen/ec/dpi600\ecbx0900.pk><C:/Program Files/MiKTeX 2.
9/fonts/type1/public/amsfonts/cm/cmmi10.pfb><C:/Program Files/MiKTeX 2.9/fonts/
type1/public/amsfonts/cm/cmmi7.pfb><C:/Program Files/MiKTeX 2.9/fonts/type1/pub
lic/amsfonts/cm/cmr10.pfb><C:/Program Files/MiKTeX 2.9/fonts/type1/public/amsfo
nts/cm/cmr6.pfb><C:/Program Files/MiKTeX 2.9/fonts/type1/public/amsfonts/cm/cmr
7.pfb><C:/Program Files/MiKTeX 2.9/fonts/type1/public/amsfonts/cm/cmsy10.pfb>
Output written on "Guidelines for authors.pdf" (13 pages, 335264 bytes).
PDF statistics:
 593 PDF objects out of 1000 (max. 8388607)
 0 named destinations out of 1000 (max. 500000)
 86 words of extra memory for PDF output out of 10000 (max. 10000000)

