This is pdfTeX, Version 3.14159265-2.6-1.40.20 (MiKTeX 2.9.6960 64-bit) (preloaded format=pdflatex 2019.2.2)  27 JUN 2019 13:51
entering extended mode
**"./presentacion SEMINARIO T1.tex"
("presentacion SEMINARIO T1.tex"
LaTeX2e <2018-12-01>
(C:\Users\KEVINSTEVEN\AppData\Roaming\MiKTeX\2.9\tex/latex/beamer\beamer.cls
Document Class: beamer 2018/12/02 v3.55 A class for typesetting presentations

(C:\Users\KEVINSTEVEN\AppData\Roaming\MiKTeX\2.9\tex/latex/beamer\beamerbasemod
es.sty
(C:\Users\KEVINSTEVEN\AppData\Roaming\MiKTeX\2.9\tex/latex/etoolbox\etoolbox.st
y
Package: etoolbox 2018/08/19 v2.5f e-TeX tools for LaTeX (JAW)
\etb@tempcnta=\count80
)
\beamer@tempbox=\box27
\beamer@tempcount=\count81
\c@beamerpauses=\count82

(C:\Users\KEVINSTEVEN\AppData\Roaming\MiKTeX\2.9\tex/latex/beamer\beamerbasedec
ode.sty
\beamer@slideinframe=\count83
\beamer@minimum=\count84
)
\beamer@commentbox=\box28
\beamer@modecount=\count85
) ("C:\Program Files\MiKTeX 2.9\tex/generic/oberdiek\ifpdf.sty"
Package: ifpdf 2018/09/07 v3.3 Provides the ifpdf switch
)
\headdp=\dimen102
\footheight=\dimen103
\sidebarheight=\dimen104
\beamer@tempdim=\dimen105
\beamer@finalheight=\dimen106
\beamer@animht=\dimen107
\beamer@animdp=\dimen108
\beamer@animwd=\dimen109
\beamer@leftmargin=\dimen110
\beamer@rightmargin=\dimen111
\beamer@leftsidebar=\dimen112
\beamer@rightsidebar=\dimen113
\beamer@boxsize=\dimen114
\beamer@vboxoffset=\dimen115
\beamer@descdefault=\dimen116
\beamer@descriptionwidth=\dimen117
\beamer@lastskip=\skip41
\beamer@areabox=\box29
\beamer@animcurrent=\box30
\beamer@animshowbox=\box31
\beamer@sectionbox=\box32
\beamer@logobox=\box33
\beamer@linebox=\box34
\beamer@sectioncount=\count86
\beamer@subsubsectionmax=\count87
\beamer@subsectionmax=\count88
\beamer@sectionmax=\count89
\beamer@totalheads=\count90
\beamer@headcounter=\count91
\beamer@partstartpage=\count92
\beamer@sectionstartpage=\count93
\beamer@subsectionstartpage=\count94
\beamer@animationtempa=\count95
\beamer@animationtempb=\count96
\beamer@xpos=\count97
\beamer@ypos=\count98
\beamer@ypos@offset=\count99
\beamer@showpartnumber=\count100
\beamer@currentsubsection=\count101
\beamer@coveringdepth=\count102
\beamer@sectionadjust=\count103
\beamer@tocsectionnumber=\count104

(C:\Users\KEVINSTEVEN\AppData\Roaming\MiKTeX\2.9\tex/latex/beamer\beamerbaseopt
ions.sty ("C:\Program Files\MiKTeX 2.9\tex/latex/graphics\keyval.sty"
Package: keyval 2014/10/28 v1.15 key=value parser (DPC)
\KV@toks@=\toks14
))
\beamer@paperwidth=\skip42
\beamer@paperheight=\skip43

("C:\Program Files\MiKTeX 2.9\tex/latex/geometry\geometry.sty"
Package: geometry 2018/04/16 v5.8 Page Geometry

("C:\Program Files\MiKTeX 2.9\tex/generic/oberdiek\ifvtex.sty"
Package: ifvtex 2016/05/16 v1.6 Detect VTeX and its facilities (HO)
Package ifvtex Info: VTeX not detected.
)
("C:\Program Files\MiKTeX 2.9\tex/generic/ifxetex\ifxetex.sty"
Package: ifxetex 2010/09/12 v0.6 Provides ifxetex conditional
)
\Gm@cnth=\count105
\Gm@cntv=\count106
\c@Gm@tempcnt=\count107
\Gm@bindingoffset=\dimen118
\Gm@wd@mp=\dimen119
\Gm@odd@mp=\dimen120
\Gm@even@mp=\dimen121
\Gm@layoutwidth=\dimen122
\Gm@layoutheight=\dimen123
\Gm@layouthoffset=\dimen124
\Gm@layoutvoffset=\dimen125
\Gm@dimlist=\toks15

("C:\Program Files\MiKTeX 2.9\tex/latex/geometry\geometry.cfg"))
("C:\Program Files\MiKTeX 2.9\tex/latex/base\size10.clo"
File: size10.clo 2018/09/03 v1.4i Standard LaTeX file (size option)
)
(C:\Users\KEVINSTEVEN\AppData\Roaming\MiKTeX\2.9\tex/latex/pgf/basiclayer\pgfco
re.sty ("C:\Program Files\MiKTeX 2.9\tex/latex/graphics\graphicx.sty"
Package: graphicx 2017/06/01 v1.1a Enhanced LaTeX Graphics (DPC,SPQR)

("C:\Program Files\MiKTeX 2.9\tex/latex/graphics\graphics.sty"
Package: graphics 2017/06/25 v1.2c Standard LaTeX Graphics (DPC,SPQR)

("C:\Program Files\MiKTeX 2.9\tex/latex/graphics\trig.sty"
Package: trig 2016/01/03 v1.10 sin cos tan (DPC)
)
("C:\Program Files\MiKTeX 2.9\tex/latex/graphics-cfg\graphics.cfg"
File: graphics.cfg 2016/06/04 v1.11 sample graphics configuration
)
Package graphics Info: Driver file: pdftex.def on input line 99.

("C:\Program Files\MiKTeX 2.9\tex/latex/graphics-def\pdftex.def"
File: pdftex.def 2018/01/08 v1.0l Graphics/color driver for pdftex
))
\Gin@req@height=\dimen126
\Gin@req@width=\dimen127
)
(C:\Users\KEVINSTEVEN\AppData\Roaming\MiKTeX\2.9\tex/latex/pgf/systemlayer\pgfs
ys.sty
(C:\Users\KEVINSTEVEN\AppData\Roaming\MiKTeX\2.9\tex/latex/pgf/utilities\pgfrcs
.sty
(C:\Users\KEVINSTEVEN\AppData\Roaming\MiKTeX\2.9\tex/generic/pgf/utilities\pgfu
til-common.tex
\pgfutil@everybye=\toks16
\pgfutil@tempdima=\dimen128
\pgfutil@tempdimb=\dimen129

(C:\Users\KEVINSTEVEN\AppData\Roaming\MiKTeX\2.9\tex/generic/pgf/utilities\pgfu
til-common-lists.tex))
(C:\Users\KEVINSTEVEN\AppData\Roaming\MiKTeX\2.9\tex/generic/pgf/utilities\pgfu
til-latex.def
\pgfutil@abb=\box35

(C:\Users\KEVINSTEVEN\AppData\Roaming\MiKTeX\2.9\tex/latex/ms\everyshi.sty
Package: everyshi 2001/05/15 v3.00 EveryShipout Package (MS)
))
(C:\Users\KEVINSTEVEN\AppData\Roaming\MiKTeX\2.9\tex/generic/pgf/utilities\pgfr
cs.code.tex
(C:\Users\KEVINSTEVEN\AppData\Roaming\MiKTeX\2.9\tex/generic/pgf\pgf.revision.t
ex)
Package: pgfrcs 2019/01/05 v3.1 (3.1)
))
(C:\Users\KEVINSTEVEN\AppData\Roaming\MiKTeX\2.9\tex/generic/pgf/systemlayer\pg
fsys.code.tex
Package: pgfsys 2019/01/05 v3.1 (3.1)

(C:\Users\KEVINSTEVEN\AppData\Roaming\MiKTeX\2.9\tex/generic/pgf/utilities\pgfk
eys.code.tex
\pgfkeys@pathtoks=\toks17
\pgfkeys@temptoks=\toks18

(C:\Users\KEVINSTEVEN\AppData\Roaming\MiKTeX\2.9\tex/generic/pgf/utilities\pgfk
eysfiltered.code.tex
\pgfkeys@tmptoks=\toks19
))
\pgf@x=\dimen130
\pgf@y=\dimen131
\pgf@xa=\dimen132
\pgf@ya=\dimen133
\pgf@xb=\dimen134
\pgf@yb=\dimen135
\pgf@xc=\dimen136
\pgf@yc=\dimen137
\w@pgf@writea=\write3
\r@pgf@reada=\read1
\c@pgf@counta=\count108
\c@pgf@countb=\count109
\c@pgf@countc=\count110
\c@pgf@countd=\count111
\t@pgf@toka=\toks20
\t@pgf@tokb=\toks21
\t@pgf@tokc=\toks22
\pgf@sys@id@count=\count112

(C:\Users\KEVINSTEVEN\AppData\Roaming\MiKTeX\2.9\tex/generic/pgf/systemlayer\pg
f.cfg
File: pgf.cfg 2019/01/05 v3.1 (3.1)
)
Driver file for pgf: pgfsys-pdftex.def

(C:\Users\KEVINSTEVEN\AppData\Roaming\MiKTeX\2.9\tex/generic/pgf/systemlayer\pg
fsys-pdftex.def
File: pgfsys-pdftex.def 2019/01/05 v3.1 (3.1)

(C:\Users\KEVINSTEVEN\AppData\Roaming\MiKTeX\2.9\tex/generic/pgf/systemlayer\pg
fsys-common-pdf.def
File: pgfsys-common-pdf.def 2019/01/05 v3.1 (3.1)
)))
(C:\Users\KEVINSTEVEN\AppData\Roaming\MiKTeX\2.9\tex/generic/pgf/systemlayer\pg
fsyssoftpath.code.tex
File: pgfsyssoftpath.code.tex 2019/01/05 v3.1 (3.1)
\pgfsyssoftpath@smallbuffer@items=\count113
\pgfsyssoftpath@bigbuffer@items=\count114
)
(C:\Users\KEVINSTEVEN\AppData\Roaming\MiKTeX\2.9\tex/generic/pgf/systemlayer\pg
fsysprotocol.code.tex
File: pgfsysprotocol.code.tex 2019/01/05 v3.1 (3.1)
))
(C:\Users\KEVINSTEVEN\AppData\Roaming\MiKTeX\2.9\tex/latex/xcolor\xcolor.sty
Package: xcolor 2016/05/11 v2.12 LaTeX color extensions (UK)

("C:\Program Files\MiKTeX 2.9\tex/latex/graphics-cfg\color.cfg"
File: color.cfg 2016/01/02 v1.6 sample color configuration
)
Package xcolor Info: Driver file: pdftex.def on input line 225.
Package xcolor Info: Model `cmy' substituted by `cmy0' on input line 1348.
Package xcolor Info: Model `hsb' substituted by `rgb' on input line 1352.
Package xcolor Info: Model `RGB' extended on input line 1364.
Package xcolor Info: Model `HTML' substituted by `rgb' on input line 1366.
Package xcolor Info: Model `Hsb' substituted by `hsb' on input line 1367.
Package xcolor Info: Model `tHsb' substituted by `hsb' on input line 1368.
Package xcolor Info: Model `HSB' substituted by `hsb' on input line 1369.
Package xcolor Info: Model `Gray' substituted by `gray' on input line 1370.
Package xcolor Info: Model `wave' substituted by `hsb' on input line 1371.
)
(C:\Users\KEVINSTEVEN\AppData\Roaming\MiKTeX\2.9\tex/generic/pgf/basiclayer\pgf
core.code.tex
Package: pgfcore 2019/01/05 v3.1 (3.1)

(C:\Users\KEVINSTEVEN\AppData\Roaming\MiKTeX\2.9\tex/generic/pgf/math\pgfmath.c
ode.tex
(C:\Users\KEVINSTEVEN\AppData\Roaming\MiKTeX\2.9\tex/generic/pgf/math\pgfmathca
lc.code.tex
(C:\Users\KEVINSTEVEN\AppData\Roaming\MiKTeX\2.9\tex/generic/pgf/math\pgfmathut
il.code.tex)
(C:\Users\KEVINSTEVEN\AppData\Roaming\MiKTeX\2.9\tex/generic/pgf/math\pgfmathpa
rser.code.tex
\pgfmath@dimen=\dimen138
\pgfmath@count=\count115
\pgfmath@box=\box36
\pgfmath@toks=\toks23
\pgfmath@stack@operand=\toks24
\pgfmath@stack@operation=\toks25
)
(C:\Users\KEVINSTEVEN\AppData\Roaming\MiKTeX\2.9\tex/generic/pgf/math\pgfmathfu
nctions.code.tex
(C:\Users\KEVINSTEVEN\AppData\Roaming\MiKTeX\2.9\tex/generic/pgf/math\pgfmathfu
nctions.basic.code.tex)
(C:\Users\KEVINSTEVEN\AppData\Roaming\MiKTeX\2.9\tex/generic/pgf/math\pgfmathfu
nctions.trigonometric.code.tex)
(C:\Users\KEVINSTEVEN\AppData\Roaming\MiKTeX\2.9\tex/generic/pgf/math\pgfmathfu
nctions.random.code.tex)
(C:\Users\KEVINSTEVEN\AppData\Roaming\MiKTeX\2.9\tex/generic/pgf/math\pgfmathfu
nctions.comparison.code.tex)
(C:\Users\KEVINSTEVEN\AppData\Roaming\MiKTeX\2.9\tex/generic/pgf/math\pgfmathfu
nctions.base.code.tex)
(C:\Users\KEVINSTEVEN\AppData\Roaming\MiKTeX\2.9\tex/generic/pgf/math\pgfmathfu
nctions.round.code.tex)
(C:\Users\KEVINSTEVEN\AppData\Roaming\MiKTeX\2.9\tex/generic/pgf/math\pgfmathfu
nctions.misc.code.tex)
(C:\Users\KEVINSTEVEN\AppData\Roaming\MiKTeX\2.9\tex/generic/pgf/math\pgfmathfu
nctions.integerarithmetics.code.tex)))
(C:\Users\KEVINSTEVEN\AppData\Roaming\MiKTeX\2.9\tex/generic/pgf/math\pgfmathfl
oat.code.tex
\c@pgfmathroundto@lastzeros=\count116
))
(C:\Users\KEVINSTEVEN\AppData\Roaming\MiKTeX\2.9\tex/generic/pgf/basiclayer\pgf
corepoints.code.tex
File: pgfcorepoints.code.tex 2019/01/05 v3.1 (3.1)
\pgf@picminx=\dimen139
\pgf@picmaxx=\dimen140
\pgf@picminy=\dimen141
\pgf@picmaxy=\dimen142
\pgf@pathminx=\dimen143
\pgf@pathmaxx=\dimen144
\pgf@pathminy=\dimen145
\pgf@pathmaxy=\dimen146
\pgf@xx=\dimen147
\pgf@xy=\dimen148
\pgf@yx=\dimen149
\pgf@yy=\dimen150
\pgf@zx=\dimen151
\pgf@zy=\dimen152
)
(C:\Users\KEVINSTEVEN\AppData\Roaming\MiKTeX\2.9\tex/generic/pgf/basiclayer\pgf
corepathconstruct.code.tex
File: pgfcorepathconstruct.code.tex 2019/01/05 v3.1 (3.1)
\pgf@path@lastx=\dimen153
\pgf@path@lasty=\dimen154
)
(C:\Users\KEVINSTEVEN\AppData\Roaming\MiKTeX\2.9\tex/generic/pgf/basiclayer\pgf
corepathusage.code.tex
File: pgfcorepathusage.code.tex 2019/01/05 v3.1 (3.1)
\pgf@shorten@end@additional=\dimen155
\pgf@shorten@start@additional=\dimen156
)
(C:\Users\KEVINSTEVEN\AppData\Roaming\MiKTeX\2.9\tex/generic/pgf/basiclayer\pgf
corescopes.code.tex
File: pgfcorescopes.code.tex 2019/01/05 v3.1 (3.1)
\pgfpic=\box37
\pgf@hbox=\box38
\pgf@layerbox@main=\box39
\pgf@picture@serial@count=\count117
)
(C:\Users\KEVINSTEVEN\AppData\Roaming\MiKTeX\2.9\tex/generic/pgf/basiclayer\pgf
coregraphicstate.code.tex
File: pgfcoregraphicstate.code.tex 2019/01/05 v3.1 (3.1)
\pgflinewidth=\dimen157
)
(C:\Users\KEVINSTEVEN\AppData\Roaming\MiKTeX\2.9\tex/generic/pgf/basiclayer\pgf
coretransformations.code.tex
File: pgfcoretransformations.code.tex 2019/01/05 v3.1 (3.1)
\pgf@pt@x=\dimen158
\pgf@pt@y=\dimen159
\pgf@pt@temp=\dimen160
)
(C:\Users\KEVINSTEVEN\AppData\Roaming\MiKTeX\2.9\tex/generic/pgf/basiclayer\pgf
corequick.code.tex
File: pgfcorequick.code.tex 2019/01/05 v3.1 (3.1)
)
(C:\Users\KEVINSTEVEN\AppData\Roaming\MiKTeX\2.9\tex/generic/pgf/basiclayer\pgf
coreobjects.code.tex
File: pgfcoreobjects.code.tex 2019/01/05 v3.1 (3.1)
)
(C:\Users\KEVINSTEVEN\AppData\Roaming\MiKTeX\2.9\tex/generic/pgf/basiclayer\pgf
corepathprocessing.code.tex
File: pgfcorepathprocessing.code.tex 2019/01/05 v3.1 (3.1)
)
(C:\Users\KEVINSTEVEN\AppData\Roaming\MiKTeX\2.9\tex/generic/pgf/basiclayer\pgf
corearrows.code.tex
File: pgfcorearrows.code.tex 2019/01/05 v3.1 (3.1)
\pgfarrowsep=\dimen161
)
(C:\Users\KEVINSTEVEN\AppData\Roaming\MiKTeX\2.9\tex/generic/pgf/basiclayer\pgf
coreshade.code.tex
File: pgfcoreshade.code.tex 2019/01/05 v3.1 (3.1)
\pgf@max=\dimen162
\pgf@sys@shading@range@num=\count118
)
(C:\Users\KEVINSTEVEN\AppData\Roaming\MiKTeX\2.9\tex/generic/pgf/basiclayer\pgf
coreimage.code.tex
File: pgfcoreimage.code.tex 2019/01/05 v3.1 (3.1)

(C:\Users\KEVINSTEVEN\AppData\Roaming\MiKTeX\2.9\tex/generic/pgf/basiclayer\pgf
coreexternal.code.tex
File: pgfcoreexternal.code.tex 2019/01/05 v3.1 (3.1)
\pgfexternal@startupbox=\box40
))
(C:\Users\KEVINSTEVEN\AppData\Roaming\MiKTeX\2.9\tex/generic/pgf/basiclayer\pgf
corelayers.code.tex
File: pgfcorelayers.code.tex 2019/01/05 v3.1 (3.1)
)
(C:\Users\KEVINSTEVEN\AppData\Roaming\MiKTeX\2.9\tex/generic/pgf/basiclayer\pgf
coretransparency.code.tex
File: pgfcoretransparency.code.tex 2019/01/05 v3.1 (3.1)
)
(C:\Users\KEVINSTEVEN\AppData\Roaming\MiKTeX\2.9\tex/generic/pgf/basiclayer\pgf
corepatterns.code.tex
File: pgfcorepatterns.code.tex 2019/01/05 v3.1 (3.1)
)
(C:\Users\KEVINSTEVEN\AppData\Roaming\MiKTeX\2.9\tex/generic/pgf/basiclayer\pgf
corerdf.code.tex
File: pgfcorerdf.code.tex 2019/01/05 v3.1 (3.1)
)))
(C:\Users\KEVINSTEVEN\AppData\Roaming\MiKTeX\2.9\tex/latex/pgf/utilities\xxcolo
r.sty
Package: xxcolor 2003/10/24 ver 0.1
\XC@nummixins=\count119
\XC@countmixins=\count120
) ("C:\Program Files\MiKTeX 2.9\tex/generic/oberdiek\atbegshi.sty"
Package: atbegshi 2016/06/09 v1.18 At begin shipout hook (HO)

("C:\Program Files\MiKTeX 2.9\tex/generic/oberdiek\infwarerr.sty"
Package: infwarerr 2016/05/16 v1.4 Providing info/warning/error messages (HO)
)
("C:\Program Files\MiKTeX 2.9\tex/generic/oberdiek\ltxcmds.sty"
Package: ltxcmds 2016/05/16 v1.23 LaTeX kernel commands for general use (HO)
))
("C:\Program Files\MiKTeX 2.9\tex/latex/hyperref\hyperref.sty"
Package: hyperref 2018/11/30 v6.88e Hypertext links for LaTeX

("C:\Program Files\MiKTeX 2.9\tex/generic/oberdiek\hobsub-hyperref.sty"
Package: hobsub-hyperref 2016/05/16 v1.14 Bundle oberdiek, subset hyperref (HO)


("C:\Program Files\MiKTeX 2.9\tex/generic/oberdiek\hobsub-generic.sty"
Package: hobsub-generic 2016/05/16 v1.14 Bundle oberdiek, subset generic (HO)
Package: hobsub 2016/05/16 v1.14 Construct package bundles (HO)
Package hobsub Info: Skipping package `infwarerr' (already loaded).
Package hobsub Info: Skipping package `ltxcmds' (already loaded).
Package: ifluatex 2016/05/16 v1.4 Provides the ifluatex switch (HO)
Package ifluatex Info: LuaTeX not detected.
Package hobsub Info: Skipping package `ifvtex' (already loaded).
Package: intcalc 2016/05/16 v1.2 Expandable calculations with integers (HO)
Package hobsub Info: Skipping package `ifpdf' (already loaded).
Package: etexcmds 2016/05/16 v1.6 Avoid name clashes with e-TeX commands (HO)
Package: kvsetkeys 2016/05/16 v1.17 Key value parser (HO)
Package: kvdefinekeys 2016/05/16 v1.4 Define keys (HO)
Package: pdftexcmds 2018/09/10 v0.29 Utility functions of pdfTeX for LuaTeX (HO
)
Package pdftexcmds Info: LuaTeX not detected.
Package pdftexcmds Info: \pdf@primitive is available.
Package pdftexcmds Info: \pdf@ifprimitive is available.
Package pdftexcmds Info: \pdfdraftmode found.
Package: pdfescape 2016/05/16 v1.14 Implements pdfTeX's escape features (HO)
Package: bigintcalc 2016/05/16 v1.4 Expandable calculations on big integers (HO
)
Package: bitset 2016/05/16 v1.2 Handle bit-vector datatype (HO)
Package: uniquecounter 2016/05/16 v1.3 Provide unlimited unique counter (HO)
)
Package hobsub Info: Skipping package `hobsub' (already loaded).
Package: letltxmacro 2016/05/16 v1.5 Let assignment for LaTeX macros (HO)
Package: hopatch 2016/05/16 v1.3 Wrapper for package hooks (HO)
Package: xcolor-patch 2016/05/16 xcolor patch
Package: atveryend 2016/05/16 v1.9 Hooks at the very end of document (HO)
Package hobsub Info: Skipping package `atbegshi' (already loaded).
Package: refcount 2016/05/16 v3.5 Data extraction from label references (HO)
Package: hycolor 2016/05/16 v1.8 Color options for hyperref/bookmark (HO)
)
("C:\Program Files\MiKTeX 2.9\tex/latex/oberdiek\auxhook.sty"
Package: auxhook 2016/05/16 v1.4 Hooks for auxiliary files (HO)
)
("C:\Program Files\MiKTeX 2.9\tex/latex/oberdiek\kvoptions.sty"
Package: kvoptions 2016/05/16 v3.12 Key value format for package options (HO)
)
\@linkdim=\dimen163
\Hy@linkcounter=\count121
\Hy@pagecounter=\count122

("C:\Program Files\MiKTeX 2.9\tex/latex/hyperref\pd1enc.def"
File: pd1enc.def 2018/11/30 v6.88e Hyperref: PDFDocEncoding definition (HO)
Now handling font encoding PD1 ...
... no UTF-8 mapping file for font encoding PD1
)
\Hy@SavedSpaceFactor=\count123

("C:\Program Files\MiKTeX 2.9\tex/latex/00miktex\hyperref.cfg"
File: hyperref.cfg 2002/06/06 v1.2 hyperref configuration of TeXLive
)
Package hyperref Info: Option `bookmarks' set `true' on input line 4393.
Package hyperref Info: Option `bookmarksopen' set `true' on input line 4393.
Package hyperref Info: Option `implicit' set `false' on input line 4393.
Package hyperref Info: Hyper figures OFF on input line 4519.
Package hyperref Info: Link nesting OFF on input line 4524.
Package hyperref Info: Hyper index ON on input line 4527.
Package hyperref Info: Plain pages OFF on input line 4534.
Package hyperref Info: Backreferencing OFF on input line 4539.
Package hyperref Info: Implicit mode OFF; no redefinition of LaTeX internals.
Package hyperref Info: Bookmarks ON on input line 4772.
\c@Hy@tempcnt=\count124

(C:\Users\KEVINSTEVEN\AppData\Roaming\MiKTeX\2.9\tex/latex/url\url.sty
\Urlmuskip=\muskip10
Package: url 2013/09/16  ver 3.4  Verb mode for urls, etc.
)
LaTeX Info: Redefining \url on input line 5125.
\XeTeXLinkMargin=\dimen164
\Fld@menulength=\count125
\Field@Width=\dimen165
\Fld@charsize=\dimen166
Package hyperref Info: Hyper figures OFF on input line 6380.
Package hyperref Info: Link nesting OFF on input line 6385.
Package hyperref Info: Hyper index ON on input line 6388.
Package hyperref Info: backreferencing OFF on input line 6395.
Package hyperref Info: Link coloring OFF on input line 6400.
Package hyperref Info: Link coloring with OCG OFF on input line 6405.
Package hyperref Info: PDF/A mode OFF on input line 6410.
LaTeX Info: Redefining \ref on input line 6450.
LaTeX Info: Redefining \pageref on input line 6454.
\Hy@abspage=\count126


Package hyperref Message: Stopped early.

)
Package hyperref Info: Driver (autodetected): hpdftex.
 ("C:\Program Files\MiKTeX 2.9\tex/latex/hyperref\hpdftex.def"
File: hpdftex.def 2018/11/30 v6.88e Hyperref driver for pdfTeX
\Fld@listcount=\count127
\c@bookmark@seq@number=\count128

("C:\Program Files\MiKTeX 2.9\tex/latex/oberdiek\rerunfilecheck.sty"
Package: rerunfilecheck 2016/05/16 v1.8 Rerun checks for auxiliary files (HO)
Package uniquecounter Info: New unique counter `rerunfilecheck' on input line 2
82.
))
(C:\Users\KEVINSTEVEN\AppData\Roaming\MiKTeX\2.9\tex/latex/beamer\beamerbasereq
uires.sty
(C:\Users\KEVINSTEVEN\AppData\Roaming\MiKTeX\2.9\tex/latex/beamer\beamerbasecom
patibility.sty)
(C:\Users\KEVINSTEVEN\AppData\Roaming\MiKTeX\2.9\tex/latex/beamer\beamerbasefon
t.sty ("C:\Program Files\MiKTeX 2.9\tex/latex/amsfonts\amssymb.sty"
Package: amssymb 2013/01/14 v3.01 AMS font symbols

("C:\Program Files\MiKTeX 2.9\tex/latex/amsfonts\amsfonts.sty"
Package: amsfonts 2013/01/14 v3.01 Basic AMSFonts support
\@emptytoks=\toks26
\symAMSa=\mathgroup4
\symAMSb=\mathgroup5
LaTeX Font Info:    Overwriting math alphabet `\mathfrak' in version `bold'
(Font)                  U/euf/m/n --> U/euf/b/n on input line 106.
))
(C:\Users\KEVINSTEVEN\AppData\Roaming\MiKTeX\2.9\tex/latex/sansmathaccent\sansm
athaccent.sty
Package: sansmathaccent 2013/03/28

(C:\Users\KEVINSTEVEN\AppData\Roaming\MiKTeX\2.9\tex/latex/filehook\filehook.st
y
Package: filehook 2011/10/12 v0.5d Hooks for input files
)))
(C:\Users\KEVINSTEVEN\AppData\Roaming\MiKTeX\2.9\tex/latex/beamer\beamerbasetra
nslator.sty
(C:\Users\KEVINSTEVEN\AppData\Roaming\MiKTeX\2.9\tex/latex/translator\translato
r.sty
Package: translator 2018/01/04 v1.12 Easy translation of strings in LaTeX
))
(C:\Users\KEVINSTEVEN\AppData\Roaming\MiKTeX\2.9\tex/latex/beamer\beamerbasemis
c.sty)
(C:\Users\KEVINSTEVEN\AppData\Roaming\MiKTeX\2.9\tex/latex/beamer\beamerbasetwo
screens.sty)
(C:\Users\KEVINSTEVEN\AppData\Roaming\MiKTeX\2.9\tex/latex/beamer\beamerbaseove
rlay.sty
\beamer@argscount=\count129
\beamer@lastskipcover=\skip44
\beamer@trivlistdepth=\count130
)
(C:\Users\KEVINSTEVEN\AppData\Roaming\MiKTeX\2.9\tex/latex/beamer\beamerbasetit
le.sty)
(C:\Users\KEVINSTEVEN\AppData\Roaming\MiKTeX\2.9\tex/latex/beamer\beamerbasesec
tion.sty
\c@lecture=\count131
\c@part=\count132
\c@section=\count133
\c@subsection=\count134
\c@subsubsection=\count135
)
(C:\Users\KEVINSTEVEN\AppData\Roaming\MiKTeX\2.9\tex/latex/beamer\beamerbasefra
me.sty
\beamer@framebox=\box41
\beamer@frametitlebox=\box42
\beamer@zoombox=\box43
\beamer@zoomcount=\count136
\beamer@zoomframecount=\count137
\beamer@frametextheight=\dimen167
\c@subsectionslide=\count138
\beamer@frametopskip=\skip45
\beamer@framebottomskip=\skip46
\beamer@frametopskipautobreak=\skip47
\beamer@framebottomskipautobreak=\skip48
\beamer@envbody=\toks27
\framewidth=\dimen168
\c@framenumber=\count139
)
(C:\Users\KEVINSTEVEN\AppData\Roaming\MiKTeX\2.9\tex/latex/beamer\beamerbasever
batim.sty
\beamer@verbatimfileout=\write4
)
(C:\Users\KEVINSTEVEN\AppData\Roaming\MiKTeX\2.9\tex/latex/beamer\beamerbasefra
mesize.sty
\beamer@splitbox=\box44
\beamer@autobreakcount=\count140
\beamer@autobreaklastheight=\dimen169
\beamer@frametitletoks=\toks28
\beamer@framesubtitletoks=\toks29
)
(C:\Users\KEVINSTEVEN\AppData\Roaming\MiKTeX\2.9\tex/latex/beamer\beamerbasefra
mecomponents.sty
\beamer@footins=\box45
)
(C:\Users\KEVINSTEVEN\AppData\Roaming\MiKTeX\2.9\tex/latex/beamer\beamerbasecol
or.sty)
(C:\Users\KEVINSTEVEN\AppData\Roaming\MiKTeX\2.9\tex/latex/beamer\beamerbasenot
es.sty
\beamer@frameboxcopy=\box46
)
(C:\Users\KEVINSTEVEN\AppData\Roaming\MiKTeX\2.9\tex/latex/beamer\beamerbasetoc
.sty)
(C:\Users\KEVINSTEVEN\AppData\Roaming\MiKTeX\2.9\tex/latex/beamer\beamerbasetem
plates.sty
\beamer@sbttoks=\toks30

(C:\Users\KEVINSTEVEN\AppData\Roaming\MiKTeX\2.9\tex/latex/beamer\beamerbaseaux
templates.sty
(C:\Users\KEVINSTEVEN\AppData\Roaming\MiKTeX\2.9\tex/latex/beamer\beamerbasebox
es.sty
\bmb@box=\box47
\bmb@colorbox=\box48
\bmb@boxshadow=\box49
\bmb@boxshadowball=\box50
\bmb@boxshadowballlarge=\box51
\bmb@temp=\dimen170
\bmb@dima=\dimen171
\bmb@dimb=\dimen172
\bmb@prevheight=\dimen173
)
\beamer@blockheadheight=\dimen174
))
(C:\Users\KEVINSTEVEN\AppData\Roaming\MiKTeX\2.9\tex/latex/beamer\beamerbaseloc
alstructure.sty ("C:\Program Files\MiKTeX 2.9\tex/latex/tools\enumerate.sty"
Package: enumerate 2015/07/23 v3.00 enumerate extensions (DPC)
\@enLab=\toks31
)
\c@figure=\count141
\c@table=\count142
\abovecaptionskip=\skip49
\belowcaptionskip=\skip50
)
(C:\Users\KEVINSTEVEN\AppData\Roaming\MiKTeX\2.9\tex/latex/beamer\beamerbasenav
igation.sty
\beamer@section@min@dim=\dimen175
)
(C:\Users\KEVINSTEVEN\AppData\Roaming\MiKTeX\2.9\tex/latex/beamer\beamerbasethe
orems.sty ("C:\Program Files\MiKTeX 2.9\tex/latex/amsmath\amsmath.sty"
Package: amsmath 2018/12/01 v2.17b AMS math features
\@mathmargin=\skip51

For additional information on amsmath, use the `?' option.
("C:\Program Files\MiKTeX 2.9\tex/latex/amsmath\amstext.sty"
Package: amstext 2000/06/29 v2.01 AMS text

("C:\Program Files\MiKTeX 2.9\tex/latex/amsmath\amsgen.sty"
File: amsgen.sty 1999/11/30 v2.0 generic functions
\@emptytoks=\toks32
\ex@=\dimen176
))
("C:\Program Files\MiKTeX 2.9\tex/latex/amsmath\amsbsy.sty"
Package: amsbsy 1999/11/29 v1.2d Bold Symbols
\pmbraise@=\dimen177
)
("C:\Program Files\MiKTeX 2.9\tex/latex/amsmath\amsopn.sty"
Package: amsopn 2016/03/08 v2.02 operator names
)
\inf@bad=\count143
LaTeX Info: Redefining \frac on input line 223.
\uproot@=\count144
\leftroot@=\count145
LaTeX Info: Redefining \overline on input line 385.
\classnum@=\count146
\DOTSCASE@=\count147
LaTeX Info: Redefining \ldots on input line 482.
LaTeX Info: Redefining \dots on input line 485.
LaTeX Info: Redefining \cdots on input line 606.
\Mathstrutbox@=\box52
\strutbox@=\box53
\big@size=\dimen178
LaTeX Font Info:    Redeclaring font encoding OML on input line 729.
LaTeX Font Info:    Redeclaring font encoding OMS on input line 730.
\macc@depth=\count148
\c@MaxMatrixCols=\count149
\dotsspace@=\muskip11
\c@parentequation=\count150
\dspbrk@lvl=\count151
\tag@help=\toks33
\row@=\count152
\column@=\count153
\maxfields@=\count154
\andhelp@=\toks34
\eqnshift@=\dimen179
\alignsep@=\dimen180
\tagshift@=\dimen181
\tagwidth@=\dimen182
\totwidth@=\dimen183
\lineht@=\dimen184
\@envbody=\toks35
\multlinegap=\skip52
\multlinetaggap=\skip53
\mathdisplay@stack=\toks36
LaTeX Info: Redefining \[ on input line 2844.
LaTeX Info: Redefining \] on input line 2845.
)
("C:\Program Files\MiKTeX 2.9\tex/latex/amscls\amsthm.sty"
Package: amsthm 2017/10/31 v2.20.4
\thm@style=\toks37
\thm@bodyfont=\toks38
\thm@headfont=\toks39
\thm@notefont=\toks40
\thm@headpunct=\toks41
\thm@preskip=\skip54
\thm@postskip=\skip55
\thm@headsep=\skip56
\dth@everypar=\toks42
)
\c@theorem=\count155
)
(C:\Users\KEVINSTEVEN\AppData\Roaming\MiKTeX\2.9\tex/latex/beamer\beamerbasethe
mes.sty))
(C:\Users\KEVINSTEVEN\AppData\Roaming\MiKTeX\2.9\tex/latex/beamer\beamerthemede
fault.sty
(C:\Users\KEVINSTEVEN\AppData\Roaming\MiKTeX\2.9\tex/latex/beamer\beamerfontthe
medefault.sty)
(C:\Users\KEVINSTEVEN\AppData\Roaming\MiKTeX\2.9\tex/latex/beamer\beamercolorth
emedefault.sty)
(C:\Users\KEVINSTEVEN\AppData\Roaming\MiKTeX\2.9\tex/latex/beamer\beamerinnerth
emedefault.sty
\beamer@dima=\dimen185
\beamer@dimb=\dimen186
)
(C:\Users\KEVINSTEVEN\AppData\Roaming\MiKTeX\2.9\tex/latex/beamer\beamerouterth
emedefault.sty)))
(C:\Users\KEVINSTEVEN\AppData\Roaming\MiKTeX\2.9\tex/latex/beamer\beamerthemeCa
mbridgeUS.sty
(C:\Users\KEVINSTEVEN\AppData\Roaming\MiKTeX\2.9\tex/latex/beamer\beamerinnerth
emerounded.sty)
(C:\Users\KEVINSTEVEN\AppData\Roaming\MiKTeX\2.9\tex/latex/beamer\beamerouterth
emeinfolines.sty)
(C:\Users\KEVINSTEVEN\AppData\Roaming\MiKTeX\2.9\tex/latex/beamer\beamercolorth
emebeaver.sty)) ("C:\Program Files\MiKTeX 2.9\tex/latex/base\inputenc.sty"
Package: inputenc 2018/08/11 v1.3c Input encoding file
\inpenc@prehook=\toks43
\inpenc@posthook=\toks44
)
("C:\Program Files\MiKTeX 2.9\tex/generic/babel\babel.sty"
Package: babel 2018/11/13 3.27 The Babel package

("C:\Program Files\MiKTeX 2.9\tex/generic/babel\switch.def"
File: switch.def 2018/11/13 3.27 Babel switching mechanism
)
*************************************
* Local config file bblopts.cfg used
*
(C:\Users\KEVINSTEVEN\AppData\Roaming\MiKTeX\2.9\tex/latex/arabi\bblopts.cfg
File: bblopts.cfg 2005/09/08 v0.1 add Arabic and Farsi to "declared" options of
 babel
)
("C:\Program Files\MiKTeX 2.9\tex/latex/babel-spanish\spanish.ldf"
Language: spanish.ldf 2016/03/03 v5.0p Spanish support from the babel system

("C:\Program Files\MiKTeX 2.9\tex/generic/babel\babel.def"
File: babel.def 2018/11/13 3.27 Babel common definitions
\babel@savecnt=\count156
\U@D=\dimen187

("C:\Program Files\MiKTeX 2.9\tex/generic/babel\txtbabel.def")
LaTeX Info: Redefining \textlatin on input line 2003.
\bbl@dirlevel=\count157
)
\es@quottoks=\toks45
\es@quotdepth=\count158
Package babel Info: Making " an active character on input line 561.
Package babel Info: Making . an active character on input line 662.
Package babel Info: Making < an active character on input line 707.
Package babel Info: Making > an active character on input line 707.
))
(C:\Users\KEVINSTEVEN\AppData\Roaming\MiKTeX\2.9\tex/latex/ms\ragged2e.sty
Package: ragged2e 2009/05/21 v2.1 ragged2e Package (MS)

(C:\Users\KEVINSTEVEN\AppData\Roaming\MiKTeX\2.9\tex/latex/ms\everysel.sty
Package: everysel 2011/10/28 v1.2 EverySelectfont Package (MS)
)
\CenteringLeftskip=\skip57
\RaggedLeftLeftskip=\skip58
\RaggedRightLeftskip=\skip59
\CenteringRightskip=\skip60
\RaggedLeftRightskip=\skip61
\RaggedRightRightskip=\skip62
\CenteringParfillskip=\skip63
\RaggedLeftParfillskip=\skip64
\RaggedRightParfillskip=\skip65
\JustifyingParfillskip=\skip66
\CenteringParindent=\skip67
\RaggedLeftParindent=\skip68
\RaggedRightParindent=\skip69
\JustifyingParindent=\skip70
)
("C:\Program Files\MiKTeX 2.9\tex/latex/tools\multicol.sty"
Package: multicol 2018/12/27 v1.8v multicolumn formatting (FMi)
\c@tracingmulticols=\count159
\mult@box=\box54
\multicol@leftmargin=\dimen188
\c@unbalance=\count160
\c@collectmore=\count161
\doublecol@number=\count162
\multicoltolerance=\count163
\multicolpretolerance=\count164
\full@width=\dimen189
\page@free=\dimen190
\premulticols=\dimen191
\postmulticols=\dimen192
\multicolsep=\skip71
\multicolbaselineskip=\skip72
\partial@page=\box55
\last@line=\box56
\maxbalancingoverflow=\dimen193
\mult@rightbox=\box57
\mult@grightbox=\box58
\mult@gfirstbox=\box59
\mult@firstbox=\box60
\@tempa=\box61
\@tempa=\box62
\@tempa=\box63
\@tempa=\box64
\@tempa=\box65
\@tempa=\box66
\@tempa=\box67
\@tempa=\box68
\@tempa=\box69
\@tempa=\box70
\@tempa=\box71
\@tempa=\box72
\@tempa=\box73
\@tempa=\box74
\@tempa=\box75
\@tempa=\box76
\@tempa=\box77
\c@columnbadness=\count165
\c@finalcolumnbadness=\count166
\last@try=\dimen194
\multicolovershoot=\dimen195
\multicolundershoot=\dimen196
\mult@nat@firstbox=\box78
\colbreak@box=\box79
\mc@col@check@num=\count167
)
("C:\Program Files\MiKTeX 2.9\tex/latex/multirow\multirow.sty"
Package: multirow 2019/01/01 v2.4 Span multiple rows of a table
\multirow@colwidth=\skip73
\multirow@cntb=\count168
\multirow@dima=\skip74
\bigstrutjot=\dimen197
)
("C:\Program Files\MiKTeX 2.9\tex/latex/tools\array.sty"
Package: array 2018/12/30 v2.4k Tabular extension package (FMi)
\col@sep=\dimen198
\ar@mcellbox=\box80
\extrarowheight=\dimen199
\NC@list=\toks46
\extratabsurround=\skip75
\backup@length=\skip76
\ar@cellbox=\box81
)
("presentacion SEMINARIO T1.aux"
LaTeX Info: Redefining \. on input line 23.
LaTeX Info: Redefining \% on input line 23.


LaTeX Warning: Label `tab:addlabel' multiply defined.

)
\openout1 = `"presentacion SEMINARIO T1.aux"'.

LaTeX Font Info:    Checking defaults for OML/cmm/m/it on input line 21.
LaTeX Font Info:    ... okay on input line 21.
LaTeX Font Info:    Checking defaults for T1/cmr/m/n on input line 21.
LaTeX Font Info:    ... okay on input line 21.
LaTeX Font Info:    Checking defaults for OT1/cmr/m/n on input line 21.
LaTeX Font Info:    ... okay on input line 21.
LaTeX Font Info:    Checking defaults for OMS/cmsy/m/n on input line 21.
LaTeX Font Info:    ... okay on input line 21.
LaTeX Font Info:    Checking defaults for OMX/cmex/m/n on input line 21.
LaTeX Font Info:    ... okay on input line 21.
LaTeX Font Info:    Checking defaults for U/cmr/m/n on input line 21.
LaTeX Font Info:    ... okay on input line 21.
LaTeX Font Info:    Checking defaults for PD1/pdf/m/n on input line 21.
LaTeX Font Info:    ... okay on input line 21.

*geometry* driver: auto-detecting
*geometry* detected driver: pdftex
*geometry* verbose mode - [ preamble ] result:
* driver: pdftex
* paper: custom
* layout: <same size as paper>
* layoutoffset:(h,v)=(0.0pt,0.0pt)
* modes: includehead includefoot 
* h-part:(L,W,R)=(10.00002pt, 344.19533pt, 10.00002pt)
* v-part:(T,H,B)=(0.0pt, 273.14662pt, 0.0pt)
* \paperwidth=364.19536pt
* \paperheight=273.14662pt
* \textwidth=344.19533pt
* \textheight=244.6939pt
* \oddsidemargin=-62.26997pt
* \evensidemargin=-62.26997pt
* \topmargin=-72.26999pt
* \headheight=14.22636pt
* \headsep=0.0pt
* \topskip=10.0pt
* \footskip=14.22636pt
* \marginparwidth=3.0pt
* \marginparsep=11.0pt
* \columnsep=10.0pt
* \skip\footins=9.0pt plus 4.0pt minus 2.0pt
* \hoffset=0.0pt
* \voffset=0.0pt
* \mag=1000
* \@twocolumnfalse
* \@twosidefalse
* \@mparswitchfalse
* \@reversemarginfalse
* (1in=72.27pt=25.4mm, 1cm=28.453pt)


(C:\Users\KEVINSTEVEN\AppData\Roaming\MiKTeX\2.9\tex/context/base\supp-pdf.mkii
[Loading MPS to PDF converter (version 2006.09.02).]
\scratchcounter=\count169
\scratchdimen=\dimen256
\scratchbox=\box82
\nofMPsegments=\count170
\nofMParguments=\count171
\everyMPshowfont=\toks47
\MPscratchCnt=\count172
\MPscratchDim=\dimen257
\MPnumerator=\count173
\makeMPintoPDFobject=\count174
\everyMPtoPDFconversion=\toks48
) ("C:\Program Files\MiKTeX 2.9\tex/latex/oberdiek\epstopdf-base.sty"
Package: epstopdf-base 2016/05/15 v2.6 Base part for package epstopdf

("C:\Program Files\MiKTeX 2.9\tex/latex/oberdiek\grfext.sty"
Package: grfext 2016/05/16 v1.2 Manage graphics extensions (HO)
)
Package epstopdf-base Info: Redefining graphics rule for `.eps' on input line 4
38.
Package grfext Info: Graphics extension search list:
(grfext)             [.pdf,.png,.jpg,.mps,.jpeg,.jbig2,.jb2,.PDF,.PNG,.JPG,.JPE
G,.JBIG2,.JB2,.eps]
(grfext)             \AppendGraphicsExtensions on input line 456.
)
ABD: EveryShipout initializing macros
\AtBeginShipoutBox=\box83
Package hyperref Info: Link coloring OFF on input line 21.

("C:\Program Files\MiKTeX 2.9\tex/latex/hyperref\nameref.sty"
Package: nameref 2016/05/21 v2.44 Cross-referencing by name of section

("C:\Program Files\MiKTeX 2.9\tex/generic/oberdiek\gettitlestring.sty"
Package: gettitlestring 2016/05/16 v1.5 Cleanup title references (HO)
)
\c@section@level=\count175
)
LaTeX Info: Redefining \ref on input line 21.
LaTeX Info: Redefining \pageref on input line 21.
LaTeX Info: Redefining \nameref on input line 21.

("presentacion SEMINARIO T1.out") ("presentacion SEMINARIO T1.out")
\@outlinefile=\write5
\openout5 = `"presentacion SEMINARIO T1.out"'.

LaTeX Font Info:    Overwriting symbol font `operators' in version `normal'
(Font)                  OT1/cmr/m/n --> OT1/cmss/m/n on input line 21.
LaTeX Font Info:    Overwriting symbol font `operators' in version `bold'
(Font)                  OT1/cmr/bx/n --> OT1/cmss/bx/n on input line 21.
\symnumbers=\mathgroup6
\sympureletters=\mathgroup7
LaTeX Font Info:    Overwriting math alphabet `\mathrm' in version `normal'
(Font)                  OT1/cmss/m/n --> OT1/cmr/m/n on input line 21.
LaTeX Font Info:    Redeclaring math alphabet \mathbf on input line 21.
LaTeX Font Info:    Overwriting math alphabet `\mathbf' in version `normal'
(Font)                  OT1/cmr/bx/n --> OT1/cmss/bx/n on input line 21.
LaTeX Font Info:    Overwriting math alphabet `\mathbf' in version `bold'
(Font)                  OT1/cmr/bx/n --> OT1/cmss/bx/n on input line 21.
LaTeX Font Info:    Redeclaring math alphabet \mathsf on input line 21.
LaTeX Font Info:    Overwriting math alphabet `\mathsf' in version `normal'
(Font)                  OT1/cmss/m/n --> OT1/cmss/m/n on input line 21.
LaTeX Font Info:    Overwriting math alphabet `\mathsf' in version `bold'
(Font)                  OT1/cmss/bx/n --> OT1/cmss/m/n on input line 21.
LaTeX Font Info:    Redeclaring math alphabet \mathit on input line 21.
LaTeX Font Info:    Overwriting math alphabet `\mathit' in version `normal'
(Font)                  OT1/cmr/m/it --> OT1/cmss/m/it on input line 21.
LaTeX Font Info:    Overwriting math alphabet `\mathit' in version `bold'
(Font)                  OT1/cmr/bx/it --> OT1/cmss/m/it on input line 21.
LaTeX Font Info:    Redeclaring math alphabet \mathtt on input line 21.
LaTeX Font Info:    Overwriting math alphabet `\mathtt' in version `normal'
(Font)                  OT1/cmtt/m/n --> OT1/cmtt/m/n on input line 21.
LaTeX Font Info:    Overwriting math alphabet `\mathtt' in version `bold'
(Font)                  OT1/cmtt/m/n --> OT1/cmtt/m/n on input line 21.
LaTeX Font Info:    Overwriting symbol font `numbers' in version `bold'
(Font)                  OT1/cmss/m/n --> OT1/cmss/bx/n on input line 21.
LaTeX Font Info:    Overwriting symbol font `pureletters' in version `bold'
(Font)                  OT1/cmss/m/it --> OT1/cmss/bx/it on input line 21.
LaTeX Font Info:    Overwriting math alphabet `\mathrm' in version `bold'
(Font)                  OT1/cmss/bx/n --> OT1/cmr/bx/n on input line 21.
LaTeX Font Info:    Overwriting math alphabet `\mathbf' in version `bold'
(Font)                  OT1/cmss/bx/n --> OT1/cmss/bx/n on input line 21.
LaTeX Font Info:    Overwriting math alphabet `\mathsf' in version `bold'
(Font)                  OT1/cmss/m/n --> OT1/cmss/bx/n on input line 21.
LaTeX Font Info:    Overwriting math alphabet `\mathit' in version `bold'
(Font)                  OT1/cmss/m/it --> OT1/cmss/bx/it on input line 21.
LaTeX Font Info:    Overwriting math alphabet `\mathtt' in version `bold'
(Font)                  OT1/cmtt/m/n --> OT1/cmtt/bx/n on input line 21.
LaTeX Font Info:    Redeclaring symbol font `pureletters' on input line 21.
LaTeX Font Info:    Overwriting symbol font `pureletters' in version `normal'
(Font)                  OT1/cmss/m/it --> OT1/mathkerncmss/m/sl on input line 2
1.
LaTeX Font Info:    Overwriting symbol font `pureletters' in version `bold'
(Font)                  OT1/cmss/bx/it --> OT1/mathkerncmss/m/sl on input line 
21.
LaTeX Font Info:    Overwriting symbol font `pureletters' in version `bold'
(Font)                  OT1/mathkerncmss/m/sl --> OT1/mathkerncmss/bx/sl on inp
ut line 21.

(C:\Users\KEVINSTEVEN\AppData\Roaming\MiKTeX\2.9\tex/latex/translator\translato
r-basic-dictionary-English.dict
Dictionary: translator-basic-dictionary, Language: English 
)
(C:\Users\KEVINSTEVEN\AppData\Roaming\MiKTeX\2.9\tex/latex/translator\translato
r-bibliography-dictionary-English.dict
Dictionary: translator-bibliography-dictionary, Language: English 
)
(C:\Users\KEVINSTEVEN\AppData\Roaming\MiKTeX\2.9\tex/latex/translator\translato
r-environment-dictionary-English.dict
Dictionary: translator-environment-dictionary, Language: English 
)
(C:\Users\KEVINSTEVEN\AppData\Roaming\MiKTeX\2.9\tex/latex/translator\translato
r-months-dictionary-English.dict
Dictionary: translator-months-dictionary, Language: English 
)
(C:\Users\KEVINSTEVEN\AppData\Roaming\MiKTeX\2.9\tex/latex/translator\translato
r-numbers-dictionary-English.dict
Dictionary: translator-numbers-dictionary, Language: English 
)
(C:\Users\KEVINSTEVEN\AppData\Roaming\MiKTeX\2.9\tex/latex/translator\translato
r-theorem-dictionary-English.dict
Dictionary: translator-theorem-dictionary, Language: English 
)
LaTeX Info: Redefining \. on input line 21.
LaTeX Info: Redefining \% on input line 21.
 ABD: EverySelectfont initializing macros
LaTeX Info: Redefining \selectfont on input line 21.

("presentacion SEMINARIO T1.nav")
Overfull \hbox (38.68858pt too wide) in paragraph at lines 21--21
 [][][][]  
 []

[1

{C:/Users/KEVINSTEVEN/AppData/Local/MiKTeX/2.9/pdftex/config/pdftex.map}]
("presentacion SEMINARIO T1.toc"
LaTeX Info: Redefining \. on input line 1.
LaTeX Info: Redefining \% on input line 1.
)
Overfull \hbox (39.27887pt too wide) has occurred while \output is active
 [][][][]  
 []

[2

]
Overfull \hbox (39.27887pt too wide) has occurred while \output is active
 [][][][]  
 []

[3

]
LaTeX Font Info:    Try loading font information for U+msa on input line 44.
 ("C:\Program Files\MiKTeX 2.9\tex/latex/amsfonts\umsa.fd"
File: umsa.fd 2013/01/14 v3.01 AMS symbols A
)
LaTeX Font Info:    Try loading font information for U+msb on input line 44.

("C:\Program Files\MiKTeX 2.9\tex/latex/amsfonts\umsb.fd"
File: umsb.fd 2013/01/14 v3.01 AMS symbols B
)
LaTeX Font Info:    Try loading font information for OT1+mathkerncmss on input 
line 44.

(C:\Users\KEVINSTEVEN\AppData\Roaming\MiKTeX\2.9\tex/latex/sansmathaccent\ot1ma
thkerncmss.fd
File: ot1mathkerncmss.fd 2013/03/27 Fontinst v1.933 font definitions for OT1/ma
thkerncmss.
)
Overfull \hbox (39.27887pt too wide) has occurred while \output is active
 [][][][]  
 []

[4

]
<FigurasUV/AQLRQL.png, id=186, 472.76625pt x 119.69719pt>
File: FigurasUV/AQLRQL.png Graphic file (type png)
<use FigurasUV/AQLRQL.png>
Package pdftex.def Info: FigurasUV/AQLRQL.png  used on input line 52.
(pdftex.def)             Requested size: 283.66193pt x 71.81885pt.

Overfull \hbox (39.27887pt too wide) has occurred while \output is active
 [][][][]  
 []

[5

 <./FigurasUV/AQLRQL.png>]
Overfull \hbox (39.27887pt too wide) has occurred while \output is active
 [][][][]  
 []

[6

]
Overfull \hbox (39.27887pt too wide) has occurred while \output is active
 [][][][]  
 []

[7

]
Overfull \hbox (39.27887pt too wide) has occurred while \output is active
 [][][][]  
 []

[8

]
Overfull \hbox (39.27887pt too wide) has occurred while \output is active
 [][][][]  
 []

[9

]
<FigurasUV/Figura2.pdf, id=327, 1027.84pt x 545.03625pt>
File: FigurasUV/Figura2.pdf Graphic file (type pdf)
<use FigurasUV/Figura2.pdf>
Package pdftex.def Info: FigurasUV/Figura2.pdf  used on input line 102.
(pdftex.def)             Requested size: 339.18825pt x 179.86252pt.

Overfull \hbox (39.27887pt too wide) has occurred while \output is active
 [][][][]  
 []

[10

 <./FigurasUV/Figura2.pdf>]
Overfull \hbox (39.27887pt too wide) has occurred while \output is active
 [][][][]  
 []

[11

]
Overfull \hbox (39.27887pt too wide) has occurred while \output is active
 [][][][]  
 []

[12

]
<FigurasUV/Figura3.pdf, id=416, 1027.84pt x 545.03625pt>
File: FigurasUV/Figura3.pdf Graphic file (type pdf)
<use FigurasUV/Figura3.pdf>
Package pdftex.def Info: FigurasUV/Figura3.pdf  used on input line 136.
(pdftex.def)             Requested size: 349.46098pt x 185.30988pt.

Overfull \hbox (5.26566pt too wide) in paragraph at lines 136--136
 [] 
 []


Overfull \vbox (11.5295pt too high) detected at line 136
 []


Overfull \hbox (39.27887pt too wide) has occurred while \output is active
 [][][][]  
 []

[13

 <./FigurasUV/Figura3.pdf>]
Overfull \hbox (39.27887pt too wide) has occurred while \output is active
 [][][][]  
 []

[14

]
<FigurasUV/Figura4.pdf, id=475, 1027.84pt x 545.03625pt>
File: FigurasUV/Figura4.pdf Graphic file (type pdf)
<use FigurasUV/Figura4.pdf>
Package pdftex.def Info: FigurasUV/Figura4.pdf  used on input line 148.
(pdftex.def)             Requested size: 339.18825pt x 179.86252pt.

Overfull \hbox (39.27887pt too wide) has occurred while \output is active
 [][][][]  
 []

[15

 <./FigurasUV/Figura4.pdf>]pdfTeX warning (ext4): destination with the same ide
ntifier (name{tab:addlabel}) has been already used, duplicate ignored
<to be read again> 
                   \relax 
l.166 \end{frame}
                 
Overfull \hbox (39.27887pt too wide) has occurred while \output is active
 [][][][]  
 []

[16

]
<FigurasUV/CO1.pdf, id=533, 1027.84pt x 545.03625pt>
File: FigurasUV/CO1.pdf Graphic file (type pdf)
<use FigurasUV/CO1.pdf>
Package pdftex.def Info: FigurasUV/CO1.pdf  used on input line 174.
(pdftex.def)             Requested size: 339.18825pt x 179.86252pt.

Overfull \hbox (39.27887pt too wide) has occurred while \output is active
 [][][][]  
 []

[17

 <./FigurasUV/CO1.pdf>]
<FigurasUV/CO8.pdf, id=564, 1027.84pt x 545.03625pt>
File: FigurasUV/CO8.pdf Graphic file (type pdf)
<use FigurasUV/CO8.pdf>
Package pdftex.def Info: FigurasUV/CO8.pdf  used on input line 182.
(pdftex.def)             Requested size: 339.18825pt x 179.86252pt.

Overfull \hbox (39.27887pt too wide) has occurred while \output is active
 [][][][]  
 []

[18

 <./FigurasUV/CO8.pdf>]
<FigurasUV/CO14.pdf, id=594, 1027.84pt x 545.03625pt>
File: FigurasUV/CO14.pdf Graphic file (type pdf)
<use FigurasUV/CO14.pdf>
Package pdftex.def Info: FigurasUV/CO14.pdf  used on input line 190.
(pdftex.def)             Requested size: 339.18825pt x 179.86252pt.

Overfull \vbox (2.33214pt too high) detected at line 190
 []


Overfull \hbox (39.27887pt too wide) has occurred while \output is active
 [][][][]  
 []

[19

 <./FigurasUV/CO14.pdf>]
Overfull \hbox (39.27887pt too wide) has occurred while \output is active
 [][][][]  
 []

[20

] ("presentacion SEMINARIO T1.bbl")
Overfull \hbox (39.27887pt too wide) has occurred while \output is active
 [][][][]  
 []

[21

 <C:/Users/KEVINSTEVEN/AppData/Roaming/MiKTeX/2.9/tex/latex/beamer/beamericonar
ticle.pdf>]
<FigurasUV/letra.png, id=685, 508.90125pt x 317.68687pt>
File: FigurasUV/letra.png Graphic file (type png)
<use FigurasUV/letra.png>
Package pdftex.def Info: FigurasUV/letra.png  used on input line 223.
(pdftex.def)             Requested size: 279.89655pt x 174.7283pt.

Overfull \hbox (39.27887pt too wide) has occurred while \output is active
 [][][][]  
 []

[22

 <./FigurasUV/letra.png>]
<FigurasUV/n.png, id=715, 503.63156pt x 322.95656pt>
File: FigurasUV/n.png Graphic file (type png)
<use FigurasUV/n.png>
Package pdftex.def Info: FigurasUV/n.png  used on input line 231.
(pdftex.def)             Requested size: 302.18126pt x 193.77542pt.

Overfull \vbox (7.99504pt too high) detected at line 231
 []


Overfull \hbox (39.27887pt too wide) has occurred while \output is active
 [][][][]  
 []

[23

 <./FigurasUV/n.png>]
<FigurasUV/CO2.pdf, id=744, 1027.84pt x 545.03625pt>
File: FigurasUV/CO2.pdf Graphic file (type pdf)
<use FigurasUV/CO2.pdf>
Package pdftex.def Info: FigurasUV/CO2.pdf  used on input line 239.
(pdftex.def)             Requested size: 339.18825pt x 179.86252pt.

Overfull \hbox (39.27887pt too wide) has occurred while \output is active
 [][][][]  
 []

[24

 <./FigurasUV/CO2.pdf>]
<FigurasUV/CO3.pdf, id=775, 1027.84pt x 545.03625pt>
File: FigurasUV/CO3.pdf Graphic file (type pdf)
<use FigurasUV/CO3.pdf>
Package pdftex.def Info: FigurasUV/CO3.pdf  used on input line 247.
(pdftex.def)             Requested size: 339.18825pt x 179.86252pt.

Overfull \hbox (39.27887pt too wide) has occurred while \output is active
 [][][][]  
 []

[25

 <./FigurasUV/CO3.pdf>]
<FigurasUV/CO4.pdf, id=807, 1027.84pt x 545.03625pt>
File: FigurasUV/CO4.pdf Graphic file (type pdf)
<use FigurasUV/CO4.pdf>
Package pdftex.def Info: FigurasUV/CO4.pdf  used on input line 255.
(pdftex.def)             Requested size: 339.18825pt x 179.86252pt.

Overfull \hbox (39.27887pt too wide) has occurred while \output is active
 [][][][]  
 []

[26

 <./FigurasUV/CO4.pdf>]
<FigurasUV/CO5.pdf, id=838, 1027.84pt x 545.03625pt>
File: FigurasUV/CO5.pdf Graphic file (type pdf)
<use FigurasUV/CO5.pdf>
Package pdftex.def Info: FigurasUV/CO5.pdf  used on input line 263.
(pdftex.def)             Requested size: 339.18825pt x 179.86252pt.

Overfull \hbox (39.27887pt too wide) has occurred while \output is active
 [][][][]  
 []

[27

 <./FigurasUV/CO5.pdf>]
<FigurasUV/CO6.pdf, id=869, 1027.84pt x 545.03625pt>
File: FigurasUV/CO6.pdf Graphic file (type pdf)
<use FigurasUV/CO6.pdf>
Package pdftex.def Info: FigurasUV/CO6.pdf  used on input line 271.
(pdftex.def)             Requested size: 339.18825pt x 179.86252pt.

Overfull \hbox (39.27887pt too wide) has occurred while \output is active
 [][][][]  
 []

[28

 <./FigurasUV/CO6.pdf>]
<FigurasUV/CO7.pdf, id=900, 1027.84pt x 545.03625pt>
File: FigurasUV/CO7.pdf Graphic file (type pdf)
<use FigurasUV/CO7.pdf>
Package pdftex.def Info: FigurasUV/CO7.pdf  used on input line 279.
(pdftex.def)             Requested size: 339.18825pt x 179.86252pt.

Overfull \hbox (39.27887pt too wide) has occurred while \output is active
 [][][][]  
 []

[29

 <./FigurasUV/CO7.pdf>]
<FigurasUV/CO9.pdf, id=931, 1027.84pt x 545.03625pt>
File: FigurasUV/CO9.pdf Graphic file (type pdf)
<use FigurasUV/CO9.pdf>
Package pdftex.def Info: FigurasUV/CO9.pdf  used on input line 287.
(pdftex.def)             Requested size: 339.18825pt x 179.86252pt.

Overfull \vbox (2.33214pt too high) detected at line 287
 []


Overfull \hbox (39.27887pt too wide) has occurred while \output is active
 [][][][]  
 []

[30

 <./FigurasUV/CO9.pdf>]
<FigurasUV/CO10.pdf, id=962, 1027.84pt x 545.03625pt>
File: FigurasUV/CO10.pdf Graphic file (type pdf)
<use FigurasUV/CO10.pdf>
Package pdftex.def Info: FigurasUV/CO10.pdf  used on input line 295.
(pdftex.def)             Requested size: 339.18825pt x 179.86252pt.

Overfull \vbox (2.33214pt too high) detected at line 295
 []


Overfull \hbox (39.27887pt too wide) has occurred while \output is active
 [][][][]  
 []

[31

 <./FigurasUV/CO10.pdf>]
<FigurasUV/CO11.pdf, id=994, 1027.84pt x 545.03625pt>
File: FigurasUV/CO11.pdf Graphic file (type pdf)
<use FigurasUV/CO11.pdf>
Package pdftex.def Info: FigurasUV/CO11.pdf  used on input line 303.
(pdftex.def)             Requested size: 339.18825pt x 179.86252pt.

Overfull \vbox (2.33214pt too high) detected at line 303
 []


Overfull \hbox (39.27887pt too wide) has occurred while \output is active
 [][][][]  
 []

[32

 <./FigurasUV/CO11.pdf>]
<FigurasUV/CO12.pdf, id=1025, 1027.84pt x 545.03625pt>
File: FigurasUV/CO12.pdf Graphic file (type pdf)
<use FigurasUV/CO12.pdf>
Package pdftex.def Info: FigurasUV/CO12.pdf  used on input line 311.
(pdftex.def)             Requested size: 339.18825pt x 179.86252pt.

Overfull \vbox (2.33214pt too high) detected at line 311
 []


Overfull \hbox (39.27887pt too wide) has occurred while \output is active
 [][][][]  
 []

[33

 <./FigurasUV/CO12.pdf>]
<FigurasUV/CO13.pdf, id=1055, 1027.84pt x 545.03625pt>
File: FigurasUV/CO13.pdf Graphic file (type pdf)
<use FigurasUV/CO13.pdf>
Package pdftex.def Info: FigurasUV/CO13.pdf  used on input line 319.
(pdftex.def)             Requested size: 339.18825pt x 179.86252pt.

Overfull \vbox (2.33214pt too high) detected at line 319
 []


Overfull \hbox (39.27887pt too wide) has occurred while \output is active
 [][][][]  
 []

[34

 <./FigurasUV/CO13.pdf>]
\tf@nav=\write6
\openout6 = `"presentacion SEMINARIO T1.nav"'.

\tf@toc=\write7
\openout7 = `"presentacion SEMINARIO T1.toc"'.

\tf@snm=\write8
\openout8 = `"presentacion SEMINARIO T1.snm"'.

Package atveryend Info: Empty hook `BeforeClearDocument' on input line 320.
Package atveryend Info: Empty hook `AfterLastShipout' on input line 320.
 ("presentacion SEMINARIO T1.aux"
LaTeX Info: Redefining \. on input line 23.
LaTeX Info: Redefining \% on input line 23.
)
Package atveryend Info: Executing hook `AtVeryEndDocument' on input line 320.
Package atveryend Info: Executing hook `AtEndAfterFileList' on input line 320.
Package rerunfilecheck Info: File `"presentacion SEMINARIO T1".out' has not cha
nged.
(rerunfilecheck)             Checksum: 8B80F050BB38A5BB56AE0E37969E2494;438.


LaTeX Warning: There were multiply-defined labels.

 ) 
Here is how much of TeX's memory you used:
 18789 strings out of 492946
 358428 string characters out of 3135510
 444524 words of memory out of 3000000
 22146 multiletter control sequences out of 15000+200000
 12595 words of font info for 46 fonts, out of 3000000 for 9000
 1141 hyphenation exceptions out of 8191
 56i,16n,63p,818b,837s stack positions out of 5000i,500n,10000p,200000b,50000s
<C:/Program Files/MiKTeX 2.9/fonts/type1/public/amsfonts/cm/cmmi10.pfb><C:/Pr
ogram Files/MiKTeX 2.9/fonts/type1/public/amsfonts/cm/cmmi9.pfb><C:/Program Fil
es/MiKTeX 2.9/fonts/type1/public/amsfonts/cm/cmss10.pfb><C:/Program Files/MiKTe
X 2.9/fonts/type1/public/amsfonts/cm/cmss12.pfb><C:/Program Files/MiKTeX 2.9/fo
nts/type1/public/amsfonts/cm/cmss8.pfb><C:/Program Files/MiKTeX 2.9/fonts/type1
/public/amsfonts/cm/cmss9.pfb><C:/Program Files/MiKTeX 2.9/fonts/type1/public/a
msfonts/cm/cmssbx10.pfb><C:/Program Files/MiKTeX 2.9/fonts/type1/public/amsfont
s/cm/cmssi10.pfb><C:/Program Files/MiKTeX 2.9/fonts/type1/public/amsfonts/cm/cm
ssi8.pfb><C:/Program Files/MiKTeX 2.9/fonts/type1/public/amsfonts/cm/cmsy10.pfb
>
Output written on "presentacion SEMINARIO T1.pdf" (34 pages, 677742 bytes).
PDF statistics:
 1138 PDF objects out of 1200 (max. 8388607)
 81 named destinations out of 1000 (max. 500000)
 237 words of extra memory for PDF output out of 10000 (max. 10000000)

